[+] Containers:
 |- [+] Container: /Game/ThirdPerson/Maps/ThirdPersonMap
 |   |- [+] ActorDescs:
 |   |   |- Guid:0813AD8C4B7A95FDD624DD85C4680108 BaseClass: NativeClass:/Script/Engine.StaticMeshActor Name:StaticMeshActor_UAID_0CDD241FB7F093B201_2109916016 Label:SM_Chair2 SpatiallyLoaded:1 Bounds:IsValid=true, Min=(X=85.678 Y=1348.956 Z=0.000), Max=(X=167.834 Y=1429.857 Z=115.351) RuntimeGrid:None EditorOnly:0 RuntimeOnly:0 HLODRelevant:1
 |   |   |- Guid:0F05998548CA409D98FFBFA59053D139 BaseClass: NativeClass:/Script/Engine.StaticMeshActor Name:StaticMeshActor_UAID_0CDD241FB7F095B201_1479858380 Label:Wall_400x210 SpatiallyLoaded:1 Bounds:IsValid=true, Min=(X=958.968 Y=235.037 Z=-0.000), Max=(X=978.968 Y=435.037 Z=300.000) RuntimeGrid:None EditorOnly:0 RuntimeOnly:0 HLODRelevant:1
 |   |   |- Guid:103B57AA49DD0DEE97C1C8AFA033B29D BaseClass: NativeClass:/Script/Engine.StaticMeshActor Name:StaticMeshActor_UAID_0CDD241FB7F094B201_1608182195 Label:Wall_400x206 SpatiallyLoaded:1 Bounds:IsValid=true, Min=(X=779.183 Y=1632.242 Z=-0.000), Max=(X=1579.183 Y=1652.242 Z=300.000) RuntimeGrid:None EditorOnly:0 RuntimeOnly:0 HLODRelevant:1
 |   |   |- Guid:1493A7E64CB37D47CC539895CB2B9BBF BaseClass: NativeClass:/Script/Engine.StaticMeshActor Name:StaticMeshActor_UAID_0CDD241FB7F093B201_1803556012 Label:SM_Cube9 SpatiallyLoaded:1 Bounds:IsValid=true, Min=(X=31.426 Y=2254.487 Z=0.000), Max=(X=131.426 Y=2354.487 Z=75.000) RuntimeGrid:None EditorOnly:0 RuntimeOnly:0 HLODRelevant:1
 |   |   |- Guid:1870F1D54788D80B9C8A039F3EB384CF BaseClass: NativeClass:/Script/Engine.StaticMeshActor Name:StaticMeshActor_UAID_0CDD241FB7F093B201_2033028014 Label:SM_Cube10 SpatiallyLoaded:1 Bounds:IsValid=true, Min=(X=15.079 Y=568.798 Z=0.000), Max=(X=315.079 Y=718.798 Z=75.000) RuntimeGrid:None EditorOnly:0 RuntimeOnly:0 HLODRelevant:1
 |   |   |- Guid:1A116C7345F02B744A03C89AB5792959 BaseClass:/Game/StarterContent/Props/Bp_Light1.Bp_Light1_C NativeClass:/Script/Engine.Actor Name:Bp_Light1_C_UAID_0CDD241FB7F097B201_1360371746 Label:Bp_Light5 SpatiallyLoaded:1 Bounds:IsValid=true, Min=(X=1284.600 Y=1245.978 Z=248.341), Max=(X=1328.600 Y=1289.978 Z=381.872) RuntimeGrid:None EditorOnly:0 RuntimeOnly:0 HLODRelevant:0
 |   |   |- Guid:1CA96D3C40FB5CEE062F74856F92948F BaseClass:/Game/InventoryMech/Item/Item_Recycle.Item_Recycle_C NativeClass:/Script/Engine.Actor Name:Item_Recycle_C_UAID_0CDD241FB7F0D0AD01_1805048456 Label:Item_Recycle SpatiallyLoaded:1 Bounds:IsValid=true, Min=(X=639.856 Y=1305.728 Z=16.791), Max=(X=699.856 Y=1365.728 Z=76.791) RuntimeGrid:None EditorOnly:0 RuntimeOnly:0 HLODRelevant:0
 |   |   |- Guid:1F30EFA54EA306019529EE99EAC2B3A4 BaseClass:/Game/StarterContent/Props/Bp_Light1.Bp_Light1_C NativeClass:/Script/Engine.Actor Name:Bp_Light1_C_UAID_0CDD241FB7F097B201_1184521744 Label:Bp_Light4 SpatiallyLoaded:1 Bounds:IsValid=true, Min=(X=1230.438 Y=656.167 Z=244.621), Max=(X=1274.438 Y=700.167 Z=378.151) RuntimeGrid:None EditorOnly:0 RuntimeOnly:0 HLODRelevant:0
 |   |   |- Guid:2266B86D47DD5BBEA2029BA54E99FCD9 BaseClass:/Game/StarterContent/Props/Bp_Pickup.Bp_Pickup_C NativeClass:/Script/Engine.Actor Name:Bp_Pickup_C_UAID_0CDD241FB7F09DAB01_1368540368 Label:Bp_Pickup SpatiallyLoaded:1 Bounds:IsValid=true, Min=(X=2142.367 Y=1191.777 Z=-17.587), Max=(X=2238.367 Y=1287.777 Z=78.413) RuntimeGrid:None EditorOnly:0 RuntimeOnly:0 HLODRelevant:0
 |   |   |- Guid:2630CDCB421105A165904B8F27CAB6E7 BaseClass:/Game/StarterContent/Props/Bp_LightSwitch.Bp_LightSwitch_C NativeClass:/Script/Engine.Actor Name:Bp_LightSwitch_C_UAID_0CDD241FB7F091AC01_1115582318 Label:Bp_LightSwitch SpatiallyLoaded:1 Bounds:IsValid=true, Min=(X=663.654 Y=1641.659 Z=104.775), Max=(X=711.654 Y=1689.659 Z=152.775) RuntimeGrid:None EditorOnly:0 RuntimeOnly:0 HLODRelevant:0
 |   |   |- Guid:283D1E0546F24216CBD30A96C01991F3 BaseClass: NativeClass:/Script/Engine.StaticMeshActor Name:StaticMeshActor_UAID_0CDD241FB7F094B201_1589695194 Label:Wall_400x205 SpatiallyLoaded:1 Bounds:IsValid=true, Min=(X=1033.185 Y=945.888 Z=-0.000), Max=(X=1053.185 Y=1631.888 Z=300.000) RuntimeGrid:None EditorOnly:0 RuntimeOnly:0 HLODRelevant:1
 |   |   |- Guid:28E5AF704F1F15A3DE198C8553E09F6F BaseClass: NativeClass:/Script/Engine.StaticMeshActor Name:StaticMeshActor_UAID_0CDD241FB7F094B201_1311803193 Label:SM_Chair3 SpatiallyLoaded:1 Bounds:IsValid=true, Min=(X=413.165 Y=1348.956 Z=0.000), Max=(X=495.321 Y=1429.857 Z=115.351) RuntimeGrid:None EditorOnly:0 RuntimeOnly:0 HLODRelevant:1
 |   |   |- Guid:2FB58999456391D349DC0F86DAC136ED BaseClass: NativeClass:/Script/Engine.SkyLight Name:SkyLight_1 Label:SkyLight SpatiallyLoaded:0 Bounds:IsValid=true, Min=(X=0.000 Y=0.000 Z=690.000), Max=(X=0.000 Y=0.000 Z=690.000) RuntimeGrid:None EditorOnly:0 RuntimeOnly:0 HLODRelevant:0 FolderPath:Lighting FolderGuid:963EC3EB4002CCE9759E2EBA541A873A
 |   |   |- Guid:316CF2A6494ACA4C0E4180A87D36AB8F BaseClass: NativeClass:/Script/Engine.ExponentialHeightFog Name:ExponentialHeightFog_0 Label:ExponentialHeightFog SpatiallyLoaded:0 Bounds:IsValid=true, Min=(X=-5600.000 Y=-50.000 Z=-6850.000), Max=(X=-5600.000 Y=-50.000 Z=-6850.000) RuntimeGrid:None EditorOnly:0 RuntimeOnly:0 HLODRelevant:0 FolderPath:Lighting FolderGuid:963EC3EB4002CCE9759E2EBA541A873A
 |   |   |- Guid:38CF62504AF11B445402628EE7069A16 BaseClass:/Game/StarterContent/Props/Bp_LightSwitch.Bp_LightSwitch_C NativeClass:/Script/Engine.Actor Name:Bp_LightSwitch_C_UAID_0CDD241FB7F097B201_1576988753 Label:Bp_LightSwitch5 SpatiallyLoaded:1 Bounds:IsValid=true, Min=(X=348.522 Y=1573.031 Z=80.704), Max=(X=420.522 Y=1645.031 Z=152.704) RuntimeGrid:None EditorOnly:0 RuntimeOnly:0 HLODRelevant:0
 |   |   |- Guid:3A00AA1C422CE54C0BDB60BAF471BFBB BaseClass: NativeClass:/Script/Engine.PlayerStart Name:PlayerStart_0 Label:PlayerStart SpatiallyLoaded:0 Bounds:IsValid=true, Min=(X=62.841 Y=1801.198 Z=0.013), Max=(X=142.841 Y=1881.198 Z=184.013) RuntimeGrid:None EditorOnly:0 RuntimeOnly:0 HLODRelevant:0
 |   |   |- Guid:3D58986340393CC19669C3A2D9E9C0B2 BaseClass:/Game/StarterContent/Props/Bp_Light1.Bp_Light1_C NativeClass:/Script/Engine.Actor Name:Bp_Light1_C_UAID_0CDD241FB7F091AC01_1119362319 Label:Bp_Light3 SpatiallyLoaded:1 Bounds:IsValid=true, Min=(X=1129.394 Y=1887.465 Z=68.030), Max=(X=1173.394 Y=1931.465 Z=201.560) RuntimeGrid:None EditorOnly:0 RuntimeOnly:0 HLODRelevant:0
 |   |   |- Guid:3E9B41434A9462FB34D77B902BF77413 BaseClass: NativeClass:/Script/Engine.StaticMeshActor Name:StaticMeshActor_UAID_0CDD241FB7F097B201_1124974742 Label:SM_Cube18 SpatiallyLoaded:1 Bounds:IsValid=true, Min=(X=982.835 Y=336.065 Z=0.000), Max=(X=1082.835 Y=436.065 Z=75.000) RuntimeGrid:None EditorOnly:0 RuntimeOnly:0 HLODRelevant:1
 |   |   |- Guid:40528E224EDDFF098E0A1186908C133A BaseClass:/Game/StarterContent/Props/Bp_Light1.Bp_Light1_C NativeClass:/Script/Engine.Actor Name:Bp_Light1_C_UAID_0CDD241FB7F097B201_1448428747 Label:Bp_Light6 SpatiallyLoaded:1 Bounds:IsValid=true, Min=(X=195.321 Y=788.513 Z=231.282), Max=(X=239.321 Y=832.513 Z=364.813) RuntimeGrid:None EditorOnly:0 RuntimeOnly:0 HLODRelevant:0
 |   |   |- Guid:43633CB3465774B5EE0CB88EBBC88808 BaseClass: NativeClass:/Script/Engine.StaticMeshActor Name:StaticMeshActor_UAID_0CDD241FB7F093B201_1660246009 Label:Wall_400x204 SpatiallyLoaded:1 Bounds:IsValid=true, Min=(X=758.494 Y=1652.267 Z=-0.000), Max=(X=778.494 Y=2379.267 Z=300.000) RuntimeGrid:None EditorOnly:0 RuntimeOnly:0 HLODRelevant:1
 |   |   |- Guid:43815E84492231AFC407F59E3C28176B BaseClass: NativeClass:/Script/Engine.StaticMeshActor Name:StaticMeshActor_4 Label:SM_Cube6 SpatiallyLoaded:1 Bounds:IsValid=true, Min=(X=3617.500 Y=100.000 Z=-0.000), Max=(X=3717.500 Y=3400.000 Z=400.000) RuntimeGrid:None EditorOnly:0 RuntimeOnly:0 HLODRelevant:1 FolderPath:Playground FolderGuid:C73F09FC4215536B1DCE2A9E0A830C70
 |   |   |- Guid:47F7656D4BDE10E42631D497C836A181 BaseClass:/Game/StarterContent/Props/Bp_Light1.Bp_Light1_C NativeClass:/Script/Engine.Actor Name:Bp_Light1_C_UAID_0CDD241FB7F091AC01_1103370316 Label:Bp_Light1 SpatiallyLoaded:1 Bounds:IsValid=true, Min=(X=420.708 Y=1919.705 Z=193.459), Max=(X=464.708 Y=1963.705 Z=326.990) RuntimeGrid:None EditorOnly:0 RuntimeOnly:0 HLODRelevant:0
 |   |   |- Guid:48F97E684F95CDAC778504A4B7774DDC BaseClass: NativeClass:/Script/Engine.StaticMeshActor Name:StaticMeshActor_UAID_0CDD241FB7F093B201_1776426011 Label:SM_Cube8 SpatiallyLoaded:1 Bounds:IsValid=true, Min=(X=422.661 Y=2254.487 Z=0.000), Max=(X=522.661 Y=2354.487 Z=75.000) RuntimeGrid:None EditorOnly:0 RuntimeOnly:0 HLODRelevant:1
 |   |   |- Guid:4D3BE93F4146AAAC8BBE79999D96D57F BaseClass: NativeClass:/Script/Engine.VolumetricCloud Name:VolumetricCloud_0 Label:VolumetricCloud SpatiallyLoaded:0 Bounds:IsValid=true, Min=(X=0.000 Y=0.000 Z=820.000), Max=(X=0.000 Y=0.000 Z=820.000) RuntimeGrid:None EditorOnly:0 RuntimeOnly:0 HLODRelevant:0 FolderPath:Lighting FolderGuid:963EC3EB4002CCE9759E2EBA541A873A
 |   |   |- Guid:4E79806F48191E67CBD55C99A4E3E4CC BaseClass: NativeClass:/Script/Engine.StaticMeshActor Name:StaticMeshActor_UAID_0CDD241FB7F094B201_1731973198 Label:SM_Cube14 SpatiallyLoaded:1 Bounds:IsValid=true, Min=(X=943.995 Y=1027.571 Z=0.000), Max=(X=1018.995 Y=1077.571 Z=75.000) RuntimeGrid:None EditorOnly:0 RuntimeOnly:0 HLODRelevant:1
 |   |   |- Guid:56756428451C5B6284A3C7B833F5AF17 BaseClass:/Game/StarterContent/Props/Bp_Light1.Bp_Light1_C NativeClass:/Script/Engine.Actor Name:Bp_Light1_C_UAID_0CDD241FB7F097B201_1579216754 Label:Bp_Light9 SpatiallyLoaded:1 Bounds:IsValid=true, Min=(X=268.351 Y=1358.400 Z=203.323), Max=(X=312.351 Y=1402.400 Z=336.854) RuntimeGrid:None EditorOnly:0 RuntimeOnly:0 HLODRelevant:0
 |   |   |- Guid:5B21D1FF471A846E24D4C09780386711 BaseClass:/Game/InventoryMech/Item/Item_Recycle.Item_Recycle_C NativeClass:/Script/Engine.Actor Name:Item_Recycle_C_UAID_0CDD241FB7F0D0AD01_1914597458 Label:Item_Recycle3 SpatiallyLoaded:1 Bounds:IsValid=true, Min=(X=540.206 Y=1478.777 Z=-18.335), Max=(X=600.206 Y=1538.777 Z=41.665) RuntimeGrid:None EditorOnly:0 RuntimeOnly:0 HLODRelevant:0
 |   |   |- Guid:5B97F4A64FB21F77EFC44386BF705B4C BaseClass: NativeClass:/Script/Engine.TextRenderActor Name:TextRenderActor_1 Label:TextRenderActor SpatiallyLoaded:1 Bounds:IsValid=true, Min=(X=-396.703 Y=1100.000 Z=65.013), Max=(X=-396.703 Y=2392.308 Z=215.013) RuntimeGrid:None EditorOnly:0 RuntimeOnly:0 HLODRelevant:0
 |   |   |- Guid:6B3F582142B7FB51C4ECD0BD71526876 BaseClass: NativeClass:/Script/Engine.StaticMeshActor Name:StaticMeshActor_UAID_0CDD241FB7F093B201_1555538008 Label:SM_Chair SpatiallyLoaded:1 Bounds:IsValid=true, Min=(X=87.171 Y=1756.629 Z=0.000), Max=(X=168.073 Y=1838.785 Z=115.351) RuntimeGrid:None EditorOnly:0 RuntimeOnly:0 HLODRelevant:1
 |   |   |- Guid:6BAF4DDD444C60371492D3919DB42C97 BaseClass: NativeClass:/Script/Engine.WorldDataLayers Name:WorldDataLayers Label:WorldDataLayers SpatiallyLoaded:0 Bounds:IsValid=true, Min=(X=0.000 Y=0.000 Z=0.000), Max=(X=0.000 Y=0.000 Z=0.000) RuntimeGrid:None EditorOnly:0 RuntimeOnly:0 HLODRelevant:0
 |   |   |- Guid:6C6B5AD44942586FFE2EDA957C17E2AA BaseClass: NativeClass:/Script/Engine.StaticMeshActor Name:StaticMeshActor_UAID_0CDD241FB7F094B201_1959988199 Label:Wall_400x207 SpatiallyLoaded:1 Bounds:IsValid=true, Min=(X=1559.432 Y=946.531 Z=-0.000), Max=(X=1579.432 Y=1632.531 Z=300.000) RuntimeGrid:None EditorOnly:0 RuntimeOnly:0 HLODRelevant:1
 |   |   |- Guid:773F36884BB15ED9090D43ABEEF997B9 BaseClass:/Game/StarterContent/Props/Bp_LightSwitch.Bp_LightSwitch_C NativeClass:/Script/Engine.Actor Name:Bp_LightSwitch_C_UAID_0CDD241FB7F097B201_1466710750 Label:Bp_LightSwitch4 SpatiallyLoaded:1 Bounds:IsValid=true, Min=(X=847.941 Y=442.658 Z=96.375), Max=(X=919.941 Y=514.658 Z=168.375) RuntimeGrid:None EditorOnly:0 RuntimeOnly:0 HLODRelevant:0
 |   |   |- Guid:89F17B9B49375C6B63CA09BAB697B2FF BaseClass:/Game/StarterContent/Props/Bp_LightSwitch.Bp_LightSwitch_C NativeClass:/Script/Engine.Actor Name:Bp_LightSwitch_C_UAID_0CDD241FB7F097B201_1358280745 Label:Bp_LightSwitch3 SpatiallyLoaded:1 Bounds:IsValid=true, Min=(X=1038.603 Y=1082.223 Z=106.774), Max=(X=1110.603 Y=1154.223 Z=178.774) RuntimeGrid:None EditorOnly:0 RuntimeOnly:0 HLODRelevant:0
 |   |   |- Guid:8CF15B6049065B05C1E51EB2348A66C0 BaseClass:/Game/StarterContent/Props/Bp_Light1.Bp_Light1_C NativeClass:/Script/Engine.Actor Name:Bp_Light1_C_UAID_0CDD241FB7F091AC01_1108298317 Label:Bp_Light2 SpatiallyLoaded:1 Bounds:IsValid=true, Min=(X=1178.000 Y=1820.080 Z=74.999), Max=(X=1222.000 Y=1864.080 Z=208.530) RuntimeGrid:None EditorOnly:0 RuntimeOnly:0 HLODRelevant:0
 |   |   |- Guid:8DB39C2A4C41464C1B22A4967E8C28AB BaseClass: NativeClass:/Script/Engine.StaticMeshActor Name:StaticMeshActor_UAID_0CDD241FB7F094B201_1662068196 Label:SM_Cube12 SpatiallyLoaded:1 Bounds:IsValid=true, Min=(X=882.949 Y=1397.815 Z=0.000), Max=(X=1032.949 Y=1597.815 Z=75.000) RuntimeGrid:None EditorOnly:0 RuntimeOnly:0 HLODRelevant:1
 |   |   |- Guid:91B118B947BA035D49B9D184EED26017 BaseClass:/Game/StarterContent/Props/Bp_Door.Bp_Door_C NativeClass:/Script/Engine.Actor Name:Bp_Door_C_UAID_0CDD241FB7F096B201_1578538563 Label:Bp_Door2 SpatiallyLoaded:1 Bounds:IsValid=true, Min=(X=1181.757 Y=902.612 Z=-12.966), Max=(X=1325.757 Y=1014.612 Z=227.034) RuntimeGrid:None EditorOnly:0 RuntimeOnly:0 HLODRelevant:0
 |   |   |- Guid:A23F08B4484F1FDCF2223B95E786D33C BaseClass: NativeClass:/Script/Engine.StaticMeshActor Name:StaticMeshActor_UAID_0CDD241FB7F095B201_1610153381 Label:Wall_400x211 SpatiallyLoaded:1 Bounds:IsValid=true, Min=(X=959.198 Y=215.009 Z=-0.000), Max=(X=1559.198 Y=235.009 Z=300.000) RuntimeGrid:None EditorOnly:0 RuntimeOnly:0 HLODRelevant:1
 |   |   |- Guid:A56216954B2165CF0F35A886B537D536 BaseClass: NativeClass:/Script/Engine.StaticMeshActor Name:StaticMeshActor_0 Label:SM_Cube5 SpatiallyLoaded:1 Bounds:IsValid=true, Min=(X=-862.928 Y=100.000 Z=0.000), Max=(X=-762.928 Y=3400.000 Z=400.000) RuntimeGrid:None EditorOnly:0 RuntimeOnly:0 HLODRelevant:1 FolderPath:Playground FolderGuid:C73F09FC4215536B1DCE2A9E0A830C70
 |   |   |- Guid:A7D06B1A47E6DDC36B1A6EA17D5DA491 BaseClass:/Game/StarterContent/Props/Bp_Light.Bp_Light_C NativeClass:/Script/Engine.Actor Name:Bp_Light_C_UAID_0CDD241FB7F09BAB01_1687969015 Label:Bp_Light SpatiallyLoaded:1 Bounds:IsValid=true, Min=(X=1961.028 Y=941.295 Z=-22.517), Max=(X=2105.028 Y=1041.295 Z=121.483) RuntimeGrid:None EditorOnly:0 RuntimeOnly:0 HLODRelevant:0
 |   |   |- Guid:A806659A4F5B2BDF7F4C7683A6CFC036 BaseClass: NativeClass:/Script/Engine.StaticMeshActor Name:StaticMeshActor_UAID_0CDD241FB7F096B201_1459080562 Label:Wall_400x212 SpatiallyLoaded:1 Bounds:IsValid=true, Min=(X=1539.026 Y=634.429 Z=-0.000), Max=(X=1559.026 Y=946.429 Z=300.000) RuntimeGrid:None EditorOnly:0 RuntimeOnly:0 HLODRelevant:1
 |   |   |- Guid:AEABB0934C9CB76750F52BA4A408186F BaseClass: NativeClass:/Script/Engine.StaticMeshActor Name:StaticMeshActor_UAID_0CDD241FB7F095B201_1121127378 Label:Wall_Door_400x301 SpatiallyLoaded:1 Bounds:IsValid=true, Min=(X=1052.785 Y=946.237 Z=-0.000), Max=(X=1452.785 Y=966.237 Z=300.000) RuntimeGrid:None EditorOnly:0 RuntimeOnly:0 HLODRelevant:1
 |   |   |- Guid:B785ED2844B84CFB91E7F39FE661CD99 BaseClass: NativeClass:/Script/Engine.DirectionalLight Name:DirectionalLight_0 Label:DirectionalLight SpatiallyLoaded:0 Bounds:IsValid=true, Min=(X=-1048576.000 Y=-1048576.000 Z=-1048576.000), Max=(X=1048576.000 Y=1048576.000 Z=1048576.000) RuntimeGrid:None EditorOnly:0 RuntimeOnly:0 HLODRelevant:0 FolderPath:Lighting FolderGuid:963EC3EB4002CCE9759E2EBA541A873A
 |   |   |- Guid:BA4B79104FD8534241E9E5BE71E2DEE3 BaseClass: NativeClass:/Script/Engine.StaticMeshActor Name:StaticMeshActor_UAID_0CDD241FB7F095B201_1786168383 Label:SM_Cube16 SpatiallyLoaded:1 Bounds:IsValid=true, Min=(X=1057.953 Y=1417.887 Z=0.000), Max=(X=1557.953 Y=1617.887 Z=75.000) RuntimeGrid:None EditorOnly:0 RuntimeOnly:0 HLODRelevant:1
 |   |   |- Guid:BA97A4C740FBF0190F6A38B997457C5A BaseClass: NativeClass:/Script/Engine.StaticMeshActor Name:StaticMeshActor_UAID_0CDD241FB7F093B201_1326898005 Label:SM_Couch SpatiallyLoaded:1 Bounds:IsValid=true, Min=(X=158.648 Y=1990.321 Z=0.096), Max=(X=391.831 Y=2339.484 Z=115.447) RuntimeGrid:None EditorOnly:0 RuntimeOnly:0 HLODRelevant:1
 |   |   |- Guid:BAA930B44D1121E3C7ED75997E000FA0 BaseClass:/Game/StarterContent/Props/Bp_Light1.Bp_Light1_C NativeClass:/Script/Engine.Actor Name:Bp_Light1_C_UAID_0CDD241FB7F097B201_1540560752 Label:Bp_Light8 SpatiallyLoaded:1 Bounds:IsValid=true, Min=(X=690.206 Y=788.513 Z=231.282), Max=(X=734.206 Y=832.513 Z=364.813) RuntimeGrid:None EditorOnly:0 RuntimeOnly:0 HLODRelevant:0
 |   |   |- Guid:BC08B79C4EA3C961CFF75EBBE83B367D BaseClass: NativeClass:/Script/Engine.StaticMeshActor Name:StaticMeshActor_5 Label:SM_Cube2 SpatiallyLoaded:1 Bounds:IsValid=true, Min=(X=0.000 Y=-1152.203 Z=0.000), Max=(X=3000.000 Y=-1052.203 Z=400.000) RuntimeGrid:None EditorOnly:0 RuntimeOnly:0 HLODRelevant:1 FolderPath:Playground FolderGuid:C73F09FC4215536B1DCE2A9E0A830C70
 |   |   |- Guid:BD0AAD3F46BFF2051463999E685E97FE BaseClass: NativeClass:/Script/Engine.StaticMeshActor Name:StaticMeshActor_UAID_0CDD241FB7F093B201_2056855015 Label:SM_Cube11 SpatiallyLoaded:1 Bounds:IsValid=true, Min=(X=184.248 Y=1309.376 Z=0.000), Max=(X=384.248 Y=1459.376 Z=75.000) RuntimeGrid:None EditorOnly:0 RuntimeOnly:0 HLODRelevant:1
 |   |   |- Guid:BEC4AE31458559CE8A5B7282F614A996 BaseClass:/Game/InventoryMech/Item/Item_Recycle.Item_Recycle_C NativeClass:/Script/Engine.Actor Name:Item_Recycle_C_UAID_0CDD241FB7F0D0AD01_1905518457 Label:Item_Recycle2 SpatiallyLoaded:1 Bounds:IsValid=true, Min=(X=680.674 Y=1405.768 Z=-18.335), Max=(X=740.674 Y=1465.768 Z=41.665) RuntimeGrid:None EditorOnly:0 RuntimeOnly:0 HLODRelevant:0
 |   |   |- Guid:BF08D73D45E086507074EAA1B1377A3C BaseClass: NativeClass:/Script/Engine.StaticMeshActor Name:StaticMeshActor_UAID_0CDD241FB7F094B201_1693349197 Label:SM_Cube13 SpatiallyLoaded:1 Bounds:IsValid=true, Min=(X=882.949 Y=1119.393 Z=0.000), Max=(X=1032.949 Y=1319.393 Z=75.000) RuntimeGrid:None EditorOnly:0 RuntimeOnly:0 HLODRelevant:1
 |   |   |- Guid:C2AA4708414193CF701EEE82B864C6A5 BaseClass: NativeClass:/Script/Engine.StaticMeshActor Name:StaticMeshActor_UAID_0CDD241FB7F091B201_1421694648 Label:Wall_Door_400x300 SpatiallyLoaded:1 Bounds:IsValid=true, Min=(X=378.878 Y=1632.238 Z=-0.000), Max=(X=778.878 Y=1652.238 Z=300.000) RuntimeGrid:None EditorOnly:0 RuntimeOnly:0 HLODRelevant:1
 |   |   |- Guid:C398BA284E1B49234A72A98F329D365F BaseClass: NativeClass:/Script/Engine.StaticMeshActor Name:StaticMeshActor_UAID_0CDD241FB7F095B201_1860202384 Label:SM_Cube17 SpatiallyLoaded:1 Bounds:IsValid=true, Min=(X=1454.725 Y=1243.355 Z=0.000), Max=(X=1554.725 Y=1343.355 Z=75.000) RuntimeGrid:None EditorOnly:0 RuntimeOnly:0 HLODRelevant:1
 |   |   |- Guid:CCC4267644C12B11A109DCB8D0485DAF BaseClass: NativeClass:/Script/Engine.StaticMeshActor Name:StaticMeshActor_UAID_0CDD241FB7F091B201_1417744647 Label:Wall_400x200 SpatiallyLoaded:1 Bounds:IsValid=true, Min=(X=-41.601 Y=2358.932 Z=-0.000), Max=(X=758.399 Y=2378.932 Z=300.000) RuntimeGrid:None EditorOnly:0 RuntimeOnly:0 HLODRelevant:1
 |   |   |- Guid:CCFF262C46EEFFDF319E7F9539CE697E BaseClass: NativeClass:/Script/Engine.SkyAtmosphere Name:SkyAtmosphere_0 Label:SkyAtmosphere SpatiallyLoaded:0 Bounds:IsValid=true, Min=(X=0.000 Y=0.000 Z=1020.000), Max=(X=0.000 Y=0.000 Z=1020.000) RuntimeGrid:None EditorOnly:0 RuntimeOnly:0 HLODRelevant:0 FolderPath:Lighting FolderGuid:963EC3EB4002CCE9759E2EBA541A873A
 |   |   |- Guid:D113278C4414B805E919AE921FEAD8EF BaseClass: NativeClass:/Script/Engine.StaticMeshActor Name:StaticMeshActor_UAID_0CDD241FB7F092B201_2067677826 Label:Wall_400x202 SpatiallyLoaded:1 Bounds:IsValid=true, Min=(X=-42.244 Y=264.993 Z=-0.000), Max=(X=-22.244 Y=1564.993 Z=300.000) RuntimeGrid:None EditorOnly:0 RuntimeOnly:0 HLODRelevant:1
 |   |   |- Guid:D46AD1C041712794A5AFF3833266CB54 BaseClass: NativeClass:/Script/Engine.StaticMeshActor Name:StaticMeshActor_UAID_0CDD241FB7F092B201_1672629825 Label:Wall_400x201 SpatiallyLoaded:1 Bounds:IsValid=true, Min=(X=-41.888 Y=1563.175 Z=-0.000), Max=(X=-21.888 Y=2363.175 Z=300.000) RuntimeGrid:None EditorOnly:0 RuntimeOnly:0 HLODRelevant:1
 |   |   |- Guid:DF57263E4D6E0D45B77120A49771AC53 BaseClass:/Game/StarterContent/Props/Bp_Door.Bp_Door_C NativeClass:/Script/Engine.Actor Name:Bp_Door_C_UAID_0CDD241FB7F096B201_2082441565 Label:Bp_Door3 SpatiallyLoaded:1 Bounds:IsValid=true, Min=(X=1498.937 Y=362.800 Z=-12.966), Max=(X=1610.937 Y=506.800 Z=227.034) RuntimeGrid:None EditorOnly:0 RuntimeOnly:0 HLODRelevant:0
 |   |   |- Guid:DFDFA70A4F7A2DDD973395A0253A7202 BaseClass: NativeClass:/Script/Engine.StaticMeshActor Name:StaticMeshActor_UAID_0CDD241FB7F094B201_2067228200 Label:Wall_400x208 SpatiallyLoaded:1 Bounds:IsValid=true, Min=(X=-21.315 Y=435.307 Z=-0.000), Max=(X=978.685 Y=455.307 Z=300.000) RuntimeGrid:None EditorOnly:0 RuntimeOnly:0 HLODRelevant:1
 |   |   |- Guid:E7E356E24D7F7320C104CE8781CA8DD0 BaseClass:/Game/StarterContent/Props/Bp_Light1.Bp_Light1_C NativeClass:/Script/Engine.Actor Name:Bp_Light1_C_UAID_0CDD241FB7F097B201_1462740749 Label:Bp_Light7 SpatiallyLoaded:1 Bounds:IsValid=true, Min=(X=730.123 Y=1344.459 Z=231.282), Max=(X=774.123 Y=1388.459 Z=364.813) RuntimeGrid:None EditorOnly:0 RuntimeOnly:0 HLODRelevant:0
 |   |   |- Guid:EAB9E4F6441016DC56E464830F82E351 BaseClass: NativeClass:/Script/Engine.StaticMeshActor Name:StaticMeshActor_UAID_0CDD241FB7F095B201_1173565379 Label:Wall_400x209 SpatiallyLoaded:1 Bounds:IsValid=true, Min=(X=1452.990 Y=946.268 Z=-0.000), Max=(X=1560.990 Y=966.268 Z=300.000) RuntimeGrid:None EditorOnly:0 RuntimeOnly:0 HLODRelevant:1
 |   |   |- Guid:EC4E0C944CE6AC6E784BC6BB2916EA13 BaseClass: NativeClass:/Script/Engine.StaticMeshActor Name:StaticMeshActor_UAID_A4AE111137DC5EFB00_1110535423 Label:SM_SkySphere SpatiallyLoaded:0 Bounds:IsValid=true, Min=(X=-1638400.000 Y=-1638400.000 Z=-1638400.000), Max=(X=1638400.000 Y=1638400.000 Z=1638400.000) RuntimeGrid:None EditorOnly:0 RuntimeOnly:0 HLODRelevant:1 FolderPath:Lighting FolderGuid:963EC3EB4002CCE9759E2EBA541A873A
 |   |   |- Guid:EE6F5E504133D5F8B68F1EA4475682BB BaseClass: NativeClass:/Script/Engine.StaticMeshActor Name:StaticMeshActor_UAID_0CDD241FB7F096B201_1400545561 Label:Wall_Door_400x302 SpatiallyLoaded:1 Bounds:IsValid=true, Min=(X=1538.979 Y=234.331 Z=0.000), Max=(X=1558.979 Y=634.331 Z=300.000) RuntimeGrid:None EditorOnly:0 RuntimeOnly:0 HLODRelevant:1
 |   |   |- Guid:EFE4C08642AE3B821760149C97A676B8 BaseClass: NativeClass:/Script/Engine.StaticMeshActor Name:StaticMeshActor_UAID_0CDD241FB7F093B201_1455926007 Label:SM_Cube4 SpatiallyLoaded:1 Bounds:IsValid=true, Min=(X=-20.311 Y=1651.663 Z=0.000), Max=(X=279.689 Y=1751.663 Z=75.000) RuntimeGrid:None EditorOnly:0 RuntimeOnly:0 HLODRelevant:1
 |   |   |- Guid:F1924B8D48954B30891B2DB6A694F9CC BaseClass: NativeClass:/Script/Engine.StaticMeshActor Name:StaticMeshActor_1 Label:SM_Cube SpatiallyLoaded:1 Bounds:IsValid=true, Min=(X=-343.192 Y=-642.855 Z=-50.000), Max=(X=3656.808 Y=4307.145 Z=0.000) RuntimeGrid:None EditorOnly:0 RuntimeOnly:0 HLODRelevant:1 FolderPath:Playground FolderGuid:C73F09FC4215536B1DCE2A9E0A830C70
 |   |   |- Guid:F2C7A6BF41923E4F29AB3D8BB70EE11D BaseClass:/Game/StarterContent/Props/Bp_Door.Bp_Door_C NativeClass:/Script/Engine.Actor Name:Bp_Door_C_UAID_0CDD241FB7F0FDAA01_1960846208 Label:Bp_Door SpatiallyLoaded:1 Bounds:IsValid=true, Min=(X=507.058 Y=1587.930 Z=-12.966), Max=(X=651.058 Y=1699.930 Z=227.034) RuntimeGrid:None EditorOnly:0 RuntimeOnly:0 HLODRelevant:0
 |   |   |- Guid:F4C81BD74F8453F20D0201B7D03D72F7 BaseClass: NativeClass:/Script/Engine.StaticMeshActor Name:StaticMeshActor_UAID_0CDD241FB7F093B201_1711512010 Label:SM_Cube7 SpatiallyLoaded:1 Bounds:IsValid=true, Min=(X=658.302 Y=1960.187 Z=0.000), Max=(X=758.302 Y=2160.187 Z=75.000) RuntimeGrid:None EditorOnly:0 RuntimeOnly:0 HLODRelevant:1
 |   |   |- Guid:F5E3FEB3450C49844FD93DA8E083C8AD BaseClass: NativeClass:/Script/Engine.PostProcessVolume Name:PostProcessVolume_0 Label:PostProcessVolume SpatiallyLoaded:0 Bounds:IsValid=true, Min=(X=0.000 Y=0.000 Z=400.000), Max=(X=200.000 Y=200.000 Z=600.000) RuntimeGrid:None EditorOnly:0 RuntimeOnly:0 HLODRelevant:0 FolderPath:Lighting FolderGuid:963EC3EB4002CCE9759E2EBA541A873A
 |   |   |- Guid:F9884A42491B0316AC8A1D8C32DCA229 BaseClass: NativeClass:/Script/Engine.StaticMeshActor Name:StaticMeshActor_UAID_0CDD241FB7F093B201_2005400013 Label:SM_Couch2 SpatiallyLoaded:1 Bounds:IsValid=true, Min=(X=-3.133 Y=902.749 Z=0.096), Max=(X=336.783 Y=1046.522 Z=115.447) RuntimeGrid:None EditorOnly:0 RuntimeOnly:0 HLODRelevant:1
 |   |   |- Guid:FC2CDD4047EEA9439DB9138A10A998A0 BaseClass: NativeClass:/Script/Engine.StaticMeshActor Name:StaticMeshActor_UAID_0CDD241FB7F095B201_1745844382 Label:SM_Cube15 SpatiallyLoaded:1 Bounds:IsValid=true, Min=(X=1454.725 Y=993.652 Z=0.000), Max=(X=1554.725 Y=1193.652 Z=75.000) RuntimeGrid:None EditorOnly:0 RuntimeOnly:0 HLODRelevant:1
 |   |   |- Guid:FE6C89AB46DD1EDF0B2AD0BE842214E0 BaseClass:/Game/StarterContent/Props/Bp_LightSwitch.Bp_LightSwitch_C NativeClass:/Script/Engine.Actor Name:Bp_LightSwitch_C_UAID_0CDD241FB7F097B201_1182079743 Label:Bp_LightSwitch2 SpatiallyLoaded:1 Bounds:IsValid=true, Min=(X=1336.572 Y=224.269 Z=107.329), Max=(X=1408.572 Y=296.269 Z=179.329) RuntimeGrid:None EditorOnly:0 RuntimeOnly:0 HLODRelevant:0
 |   |   |- Guid:FF698C67459ADB4982D7759C0905EE9F BaseClass: NativeClass:/Script/Engine.StaticMeshActor Name:StaticMeshActor_6 Label:SM_Cube3 SpatiallyLoaded:1 Bounds:IsValid=true, Min=(X=0.000 Y=4263.485 Z=-0.000), Max=(X=3000.000 Y=4363.485 Z=400.000) RuntimeGrid:None EditorOnly:0 RuntimeOnly:0 HLODRelevant:1 FolderPath:Playground FolderGuid:C73F09FC4215536B1DCE2A9E0A830C70
 |   |   |- Guid:FF8D6D1F4EF0E30892B3D18E40AFC965 BaseClass: NativeClass:/Script/Engine.StaticMeshActor Name:StaticMeshActor_UAID_0CDD241FB7F093B201_1104232003 Label:Wall_400x203 SpatiallyLoaded:1 Bounds:IsValid=true, Min=(X=-21.315 Y=1632.242 Z=-0.000), Max=(X=378.685 Y=1652.242 Z=300.000) RuntimeGrid:None EditorOnly:0 RuntimeOnly:0 HLODRelevant:1
 |   |- [+] Clusters:
 |   |   |- [+] [  0]
 |   |   |   |- Guid:6BAF4DDD444C60371492D3919DB42C97 BaseClass: NativeClass:/Script/Engine.WorldDataLayers Name:WorldDataLayers Label:WorldDataLayers SpatiallyLoaded:0 Bounds:IsValid=true, Min=(X=0.000 Y=0.000 Z=0.000), Max=(X=0.000 Y=0.000 Z=0.000) RuntimeGrid:None EditorOnly:0 RuntimeOnly:0 HLODRelevant:0
 |   |   |- [+] [  1]
 |   |   |   |- Guid:DFDFA70A4F7A2DDD973395A0253A7202 BaseClass: NativeClass:/Script/Engine.StaticMeshActor Name:StaticMeshActor_UAID_0CDD241FB7F094B201_2067228200 Label:Wall_400x208 SpatiallyLoaded:1 Bounds:IsValid=true, Min=(X=-21.315 Y=435.307 Z=-0.000), Max=(X=978.685 Y=455.307 Z=300.000) RuntimeGrid:None EditorOnly:0 RuntimeOnly:0 HLODRelevant:1
 |   |   |- [+] [  2]
 |   |   |   |- Guid:2266B86D47DD5BBEA2029BA54E99FCD9 BaseClass:/Game/StarterContent/Props/Bp_Pickup.Bp_Pickup_C NativeClass:/Script/Engine.Actor Name:Bp_Pickup_C_UAID_0CDD241FB7F09DAB01_1368540368 Label:Bp_Pickup SpatiallyLoaded:1 Bounds:IsValid=true, Min=(X=2142.367 Y=1191.777 Z=-17.587), Max=(X=2238.367 Y=1287.777 Z=78.413) RuntimeGrid:None EditorOnly:0 RuntimeOnly:0 HLODRelevant:0
 |   |   |- [+] [  3]
 |   |   |   |- Guid:F5E3FEB3450C49844FD93DA8E083C8AD BaseClass: NativeClass:/Script/Engine.PostProcessVolume Name:PostProcessVolume_0 Label:PostProcessVolume SpatiallyLoaded:0 Bounds:IsValid=true, Min=(X=0.000 Y=0.000 Z=400.000), Max=(X=200.000 Y=200.000 Z=600.000) RuntimeGrid:None EditorOnly:0 RuntimeOnly:0 HLODRelevant:0 FolderPath:Lighting FolderGuid:963EC3EB4002CCE9759E2EBA541A873A
 |   |   |- [+] [  4]
 |   |   |   |- Guid:6C6B5AD44942586FFE2EDA957C17E2AA BaseClass: NativeClass:/Script/Engine.StaticMeshActor Name:StaticMeshActor_UAID_0CDD241FB7F094B201_1959988199 Label:Wall_400x207 SpatiallyLoaded:1 Bounds:IsValid=true, Min=(X=1559.432 Y=946.531 Z=-0.000), Max=(X=1579.432 Y=1632.531 Z=300.000) RuntimeGrid:None EditorOnly:0 RuntimeOnly:0 HLODRelevant:1
 |   |   |- [+] [  5]
 |   |   |   |- Guid:5B97F4A64FB21F77EFC44386BF705B4C BaseClass: NativeClass:/Script/Engine.TextRenderActor Name:TextRenderActor_1 Label:TextRenderActor SpatiallyLoaded:1 Bounds:IsValid=true, Min=(X=-396.703 Y=1100.000 Z=65.013), Max=(X=-396.703 Y=2392.308 Z=215.013) RuntimeGrid:None EditorOnly:0 RuntimeOnly:0 HLODRelevant:0
 |   |   |- [+] [  6]
 |   |   |   |- Guid:4D3BE93F4146AAAC8BBE79999D96D57F BaseClass: NativeClass:/Script/Engine.VolumetricCloud Name:VolumetricCloud_0 Label:VolumetricCloud SpatiallyLoaded:0 Bounds:IsValid=true, Min=(X=0.000 Y=0.000 Z=820.000), Max=(X=0.000 Y=0.000 Z=820.000) RuntimeGrid:None EditorOnly:0 RuntimeOnly:0 HLODRelevant:0 FolderPath:Lighting FolderGuid:963EC3EB4002CCE9759E2EBA541A873A
 |   |   |- [+] [  7]
 |   |   |   |- Guid:4E79806F48191E67CBD55C99A4E3E4CC BaseClass: NativeClass:/Script/Engine.StaticMeshActor Name:StaticMeshActor_UAID_0CDD241FB7F094B201_1731973198 Label:SM_Cube14 SpatiallyLoaded:1 Bounds:IsValid=true, Min=(X=943.995 Y=1027.571 Z=0.000), Max=(X=1018.995 Y=1077.571 Z=75.000) RuntimeGrid:None EditorOnly:0 RuntimeOnly:0 HLODRelevant:1
 |   |   |- [+] [  8]
 |   |   |   |- Guid:BF08D73D45E086507074EAA1B1377A3C BaseClass: NativeClass:/Script/Engine.StaticMeshActor Name:StaticMeshActor_UAID_0CDD241FB7F094B201_1693349197 Label:SM_Cube13 SpatiallyLoaded:1 Bounds:IsValid=true, Min=(X=882.949 Y=1119.393 Z=0.000), Max=(X=1032.949 Y=1319.393 Z=75.000) RuntimeGrid:None EditorOnly:0 RuntimeOnly:0 HLODRelevant:1
 |   |   |- [+] [  9]
 |   |   |   |- Guid:8DB39C2A4C41464C1B22A4967E8C28AB BaseClass: NativeClass:/Script/Engine.StaticMeshActor Name:StaticMeshActor_UAID_0CDD241FB7F094B201_1662068196 Label:SM_Cube12 SpatiallyLoaded:1 Bounds:IsValid=true, Min=(X=882.949 Y=1397.815 Z=0.000), Max=(X=1032.949 Y=1597.815 Z=75.000) RuntimeGrid:None EditorOnly:0 RuntimeOnly:0 HLODRelevant:1
 |   |   |- [+] [ 10]
 |   |   |   |- Guid:CCFF262C46EEFFDF319E7F9539CE697E BaseClass: NativeClass:/Script/Engine.SkyAtmosphere Name:SkyAtmosphere_0 Label:SkyAtmosphere SpatiallyLoaded:0 Bounds:IsValid=true, Min=(X=0.000 Y=0.000 Z=1020.000), Max=(X=0.000 Y=0.000 Z=1020.000) RuntimeGrid:None EditorOnly:0 RuntimeOnly:0 HLODRelevant:0 FolderPath:Lighting FolderGuid:963EC3EB4002CCE9759E2EBA541A873A
 |   |   |- [+] [ 11]
 |   |   |   |- Guid:EC4E0C944CE6AC6E784BC6BB2916EA13 BaseClass: NativeClass:/Script/Engine.StaticMeshActor Name:StaticMeshActor_UAID_A4AE111137DC5EFB00_1110535423 Label:SM_SkySphere SpatiallyLoaded:0 Bounds:IsValid=true, Min=(X=-1638400.000 Y=-1638400.000 Z=-1638400.000), Max=(X=1638400.000 Y=1638400.000 Z=1638400.000) RuntimeGrid:None EditorOnly:0 RuntimeOnly:0 HLODRelevant:1 FolderPath:Lighting FolderGuid:963EC3EB4002CCE9759E2EBA541A873A
 |   |   |- [+] [ 12]
 |   |   |   |- Guid:103B57AA49DD0DEE97C1C8AFA033B29D BaseClass: NativeClass:/Script/Engine.StaticMeshActor Name:StaticMeshActor_UAID_0CDD241FB7F094B201_1608182195 Label:Wall_400x206 SpatiallyLoaded:1 Bounds:IsValid=true, Min=(X=779.183 Y=1632.242 Z=-0.000), Max=(X=1579.183 Y=1652.242 Z=300.000) RuntimeGrid:None EditorOnly:0 RuntimeOnly:0 HLODRelevant:1
 |   |   |- [+] [ 13]
 |   |   |   |- Guid:283D1E0546F24216CBD30A96C01991F3 BaseClass: NativeClass:/Script/Engine.StaticMeshActor Name:StaticMeshActor_UAID_0CDD241FB7F094B201_1589695194 Label:Wall_400x205 SpatiallyLoaded:1 Bounds:IsValid=true, Min=(X=1033.185 Y=945.888 Z=-0.000), Max=(X=1053.185 Y=1631.888 Z=300.000) RuntimeGrid:None EditorOnly:0 RuntimeOnly:0 HLODRelevant:1
 |   |   |- [+] [ 14]
 |   |   |   |- Guid:43815E84492231AFC407F59E3C28176B BaseClass: NativeClass:/Script/Engine.StaticMeshActor Name:StaticMeshActor_4 Label:SM_Cube6 SpatiallyLoaded:1 Bounds:IsValid=true, Min=(X=3617.500 Y=100.000 Z=-0.000), Max=(X=3717.500 Y=3400.000 Z=400.000) RuntimeGrid:None EditorOnly:0 RuntimeOnly:0 HLODRelevant:1 FolderPath:Playground FolderGuid:C73F09FC4215536B1DCE2A9E0A830C70
 |   |   |- [+] [ 15]
 |   |   |   |- Guid:28E5AF704F1F15A3DE198C8553E09F6F BaseClass: NativeClass:/Script/Engine.StaticMeshActor Name:StaticMeshActor_UAID_0CDD241FB7F094B201_1311803193 Label:SM_Chair3 SpatiallyLoaded:1 Bounds:IsValid=true, Min=(X=413.165 Y=1348.956 Z=0.000), Max=(X=495.321 Y=1429.857 Z=115.351) RuntimeGrid:None EditorOnly:0 RuntimeOnly:0 HLODRelevant:1
 |   |   |- [+] [ 16]
 |   |   |   |- Guid:B785ED2844B84CFB91E7F39FE661CD99 BaseClass: NativeClass:/Script/Engine.DirectionalLight Name:DirectionalLight_0 Label:DirectionalLight SpatiallyLoaded:0 Bounds:IsValid=true, Min=(X=-1048576.000 Y=-1048576.000 Z=-1048576.000), Max=(X=1048576.000 Y=1048576.000 Z=1048576.000) RuntimeGrid:None EditorOnly:0 RuntimeOnly:0 HLODRelevant:0 FolderPath:Lighting FolderGuid:963EC3EB4002CCE9759E2EBA541A873A
 |   |   |- [+] [ 17]
 |   |   |   |- Guid:0813AD8C4B7A95FDD624DD85C4680108 BaseClass: NativeClass:/Script/Engine.StaticMeshActor Name:StaticMeshActor_UAID_0CDD241FB7F093B201_2109916016 Label:SM_Chair2 SpatiallyLoaded:1 Bounds:IsValid=true, Min=(X=85.678 Y=1348.956 Z=0.000), Max=(X=167.834 Y=1429.857 Z=115.351) RuntimeGrid:None EditorOnly:0 RuntimeOnly:0 HLODRelevant:1
 |   |   |- [+] [ 18]
 |   |   |   |- Guid:BD0AAD3F46BFF2051463999E685E97FE BaseClass: NativeClass:/Script/Engine.StaticMeshActor Name:StaticMeshActor_UAID_0CDD241FB7F093B201_2056855015 Label:SM_Cube11 SpatiallyLoaded:1 Bounds:IsValid=true, Min=(X=184.248 Y=1309.376 Z=0.000), Max=(X=384.248 Y=1459.376 Z=75.000) RuntimeGrid:None EditorOnly:0 RuntimeOnly:0 HLODRelevant:1
 |   |   |- [+] [ 19]
 |   |   |   |- Guid:1870F1D54788D80B9C8A039F3EB384CF BaseClass: NativeClass:/Script/Engine.StaticMeshActor Name:StaticMeshActor_UAID_0CDD241FB7F093B201_2033028014 Label:SM_Cube10 SpatiallyLoaded:1 Bounds:IsValid=true, Min=(X=15.079 Y=568.798 Z=0.000), Max=(X=315.079 Y=718.798 Z=75.000) RuntimeGrid:None EditorOnly:0 RuntimeOnly:0 HLODRelevant:1
 |   |   |- [+] [ 20]
 |   |   |   |- Guid:316CF2A6494ACA4C0E4180A87D36AB8F BaseClass: NativeClass:/Script/Engine.ExponentialHeightFog Name:ExponentialHeightFog_0 Label:ExponentialHeightFog SpatiallyLoaded:0 Bounds:IsValid=true, Min=(X=-5600.000 Y=-50.000 Z=-6850.000), Max=(X=-5600.000 Y=-50.000 Z=-6850.000) RuntimeGrid:None EditorOnly:0 RuntimeOnly:0 HLODRelevant:0 FolderPath:Lighting FolderGuid:963EC3EB4002CCE9759E2EBA541A873A
 |   |   |- [+] [ 21]
 |   |   |   |- Guid:F9884A42491B0316AC8A1D8C32DCA229 BaseClass: NativeClass:/Script/Engine.StaticMeshActor Name:StaticMeshActor_UAID_0CDD241FB7F093B201_2005400013 Label:SM_Couch2 SpatiallyLoaded:1 Bounds:IsValid=true, Min=(X=-3.133 Y=902.749 Z=0.096), Max=(X=336.783 Y=1046.522 Z=115.447) RuntimeGrid:None EditorOnly:0 RuntimeOnly:0 HLODRelevant:1
 |   |   |- [+] [ 22]
 |   |   |   |- Guid:1493A7E64CB37D47CC539895CB2B9BBF BaseClass: NativeClass:/Script/Engine.StaticMeshActor Name:StaticMeshActor_UAID_0CDD241FB7F093B201_1803556012 Label:SM_Cube9 SpatiallyLoaded:1 Bounds:IsValid=true, Min=(X=31.426 Y=2254.487 Z=0.000), Max=(X=131.426 Y=2354.487 Z=75.000) RuntimeGrid:None EditorOnly:0 RuntimeOnly:0 HLODRelevant:1
 |   |   |- [+] [ 23]
 |   |   |   |- Guid:F1924B8D48954B30891B2DB6A694F9CC BaseClass: NativeClass:/Script/Engine.StaticMeshActor Name:StaticMeshActor_1 Label:SM_Cube SpatiallyLoaded:1 Bounds:IsValid=true, Min=(X=-343.192 Y=-642.855 Z=-50.000), Max=(X=3656.808 Y=4307.145 Z=0.000) RuntimeGrid:None EditorOnly:0 RuntimeOnly:0 HLODRelevant:1 FolderPath:Playground FolderGuid:C73F09FC4215536B1DCE2A9E0A830C70
 |   |   |- [+] [ 24]
 |   |   |   |- Guid:48F97E684F95CDAC778504A4B7774DDC BaseClass: NativeClass:/Script/Engine.StaticMeshActor Name:StaticMeshActor_UAID_0CDD241FB7F093B201_1776426011 Label:SM_Cube8 SpatiallyLoaded:1 Bounds:IsValid=true, Min=(X=422.661 Y=2254.487 Z=0.000), Max=(X=522.661 Y=2354.487 Z=75.000) RuntimeGrid:None EditorOnly:0 RuntimeOnly:0 HLODRelevant:1
 |   |   |- [+] [ 25]
 |   |   |   |- Guid:F2C7A6BF41923E4F29AB3D8BB70EE11D BaseClass:/Game/StarterContent/Props/Bp_Door.Bp_Door_C NativeClass:/Script/Engine.Actor Name:Bp_Door_C_UAID_0CDD241FB7F0FDAA01_1960846208 Label:Bp_Door SpatiallyLoaded:1 Bounds:IsValid=true, Min=(X=507.058 Y=1587.930 Z=-12.966), Max=(X=651.058 Y=1699.930 Z=227.034) RuntimeGrid:None EditorOnly:0 RuntimeOnly:0 HLODRelevant:0
 |   |   |- [+] [ 26]
 |   |   |   |- Guid:2FB58999456391D349DC0F86DAC136ED BaseClass: NativeClass:/Script/Engine.SkyLight Name:SkyLight_1 Label:SkyLight SpatiallyLoaded:0 Bounds:IsValid=true, Min=(X=0.000 Y=0.000 Z=690.000), Max=(X=0.000 Y=0.000 Z=690.000) RuntimeGrid:None EditorOnly:0 RuntimeOnly:0 HLODRelevant:0 FolderPath:Lighting FolderGuid:963EC3EB4002CCE9759E2EBA541A873A
 |   |   |- [+] [ 27]
 |   |   |   |- Guid:BEC4AE31458559CE8A5B7282F614A996 BaseClass:/Game/InventoryMech/Item/Item_Recycle.Item_Recycle_C NativeClass:/Script/Engine.Actor Name:Item_Recycle_C_UAID_0CDD241FB7F0D0AD01_1905518457 Label:Item_Recycle2 SpatiallyLoaded:1 Bounds:IsValid=true, Min=(X=680.674 Y=1405.768 Z=-18.335), Max=(X=740.674 Y=1465.768 Z=41.665) RuntimeGrid:None EditorOnly:0 RuntimeOnly:0 HLODRelevant:0
 |   |   |- [+] [ 28]
 |   |   |   |- Guid:5B21D1FF471A846E24D4C09780386711 BaseClass:/Game/InventoryMech/Item/Item_Recycle.Item_Recycle_C NativeClass:/Script/Engine.Actor Name:Item_Recycle_C_UAID_0CDD241FB7F0D0AD01_1914597458 Label:Item_Recycle3 SpatiallyLoaded:1 Bounds:IsValid=true, Min=(X=540.206 Y=1478.777 Z=-18.335), Max=(X=600.206 Y=1538.777 Z=41.665) RuntimeGrid:None EditorOnly:0 RuntimeOnly:0 HLODRelevant:0
 |   |   |- [+] [ 29]
 |   |   |   |- Guid:3D58986340393CC19669C3A2D9E9C0B2 BaseClass:/Game/StarterContent/Props/Bp_Light1.Bp_Light1_C NativeClass:/Script/Engine.Actor Name:Bp_Light1_C_UAID_0CDD241FB7F091AC01_1119362319 Label:Bp_Light3 SpatiallyLoaded:1 Bounds:IsValid=true, Min=(X=1129.394 Y=1887.465 Z=68.030), Max=(X=1173.394 Y=1931.465 Z=201.560) RuntimeGrid:None EditorOnly:0 RuntimeOnly:0 HLODRelevant:0
 |   |   |- [+] [ 30]
 |   |   |   |- Guid:F4C81BD74F8453F20D0201B7D03D72F7 BaseClass: NativeClass:/Script/Engine.StaticMeshActor Name:StaticMeshActor_UAID_0CDD241FB7F093B201_1711512010 Label:SM_Cube7 SpatiallyLoaded:1 Bounds:IsValid=true, Min=(X=658.302 Y=1960.187 Z=0.000), Max=(X=758.302 Y=2160.187 Z=75.000) RuntimeGrid:None EditorOnly:0 RuntimeOnly:0 HLODRelevant:1
 |   |   |- [+] [ 31]
 |   |   |   |- Guid:43633CB3465774B5EE0CB88EBBC88808 BaseClass: NativeClass:/Script/Engine.StaticMeshActor Name:StaticMeshActor_UAID_0CDD241FB7F093B201_1660246009 Label:Wall_400x204 SpatiallyLoaded:1 Bounds:IsValid=true, Min=(X=758.494 Y=1652.267 Z=-0.000), Max=(X=778.494 Y=2379.267 Z=300.000) RuntimeGrid:None EditorOnly:0 RuntimeOnly:0 HLODRelevant:1
 |   |   |- [+] [ 32]
 |   |   |   |- Guid:6B3F582142B7FB51C4ECD0BD71526876 BaseClass: NativeClass:/Script/Engine.StaticMeshActor Name:StaticMeshActor_UAID_0CDD241FB7F093B201_1555538008 Label:SM_Chair SpatiallyLoaded:1 Bounds:IsValid=true, Min=(X=87.171 Y=1756.629 Z=0.000), Max=(X=168.073 Y=1838.785 Z=115.351) RuntimeGrid:None EditorOnly:0 RuntimeOnly:0 HLODRelevant:1
 |   |   |- [+] [ 33]
 |   |   |   |- Guid:A56216954B2165CF0F35A886B537D536 BaseClass: NativeClass:/Script/Engine.StaticMeshActor Name:StaticMeshActor_0 Label:SM_Cube5 SpatiallyLoaded:1 Bounds:IsValid=true, Min=(X=-862.928 Y=100.000 Z=0.000), Max=(X=-762.928 Y=3400.000 Z=400.000) RuntimeGrid:None EditorOnly:0 RuntimeOnly:0 HLODRelevant:1 FolderPath:Playground FolderGuid:C73F09FC4215536B1DCE2A9E0A830C70
 |   |   |- [+] [ 34]
 |   |   |   |- Guid:EFE4C08642AE3B821760149C97A676B8 BaseClass: NativeClass:/Script/Engine.StaticMeshActor Name:StaticMeshActor_UAID_0CDD241FB7F093B201_1455926007 Label:SM_Cube4 SpatiallyLoaded:1 Bounds:IsValid=true, Min=(X=-20.311 Y=1651.663 Z=0.000), Max=(X=279.689 Y=1751.663 Z=75.000) RuntimeGrid:None EditorOnly:0 RuntimeOnly:0 HLODRelevant:1
 |   |   |- [+] [ 35]
 |   |   |   |- Guid:BA97A4C740FBF0190F6A38B997457C5A BaseClass: NativeClass:/Script/Engine.StaticMeshActor Name:StaticMeshActor_UAID_0CDD241FB7F093B201_1326898005 Label:SM_Couch SpatiallyLoaded:1 Bounds:IsValid=true, Min=(X=158.648 Y=1990.321 Z=0.096), Max=(X=391.831 Y=2339.484 Z=115.447) RuntimeGrid:None EditorOnly:0 RuntimeOnly:0 HLODRelevant:1
 |   |   |- [+] [ 36]
 |   |   |   |- Guid:FF8D6D1F4EF0E30892B3D18E40AFC965 BaseClass: NativeClass:/Script/Engine.StaticMeshActor Name:StaticMeshActor_UAID_0CDD241FB7F093B201_1104232003 Label:Wall_400x203 SpatiallyLoaded:1 Bounds:IsValid=true, Min=(X=-21.315 Y=1632.242 Z=-0.000), Max=(X=378.685 Y=1652.242 Z=300.000) RuntimeGrid:None EditorOnly:0 RuntimeOnly:0 HLODRelevant:1
 |   |   |- [+] [ 37]
 |   |   |   |- Guid:D113278C4414B805E919AE921FEAD8EF BaseClass: NativeClass:/Script/Engine.StaticMeshActor Name:StaticMeshActor_UAID_0CDD241FB7F092B201_2067677826 Label:Wall_400x202 SpatiallyLoaded:1 Bounds:IsValid=true, Min=(X=-42.244 Y=264.993 Z=-0.000), Max=(X=-22.244 Y=1564.993 Z=300.000) RuntimeGrid:None EditorOnly:0 RuntimeOnly:0 HLODRelevant:1
 |   |   |- [+] [ 38]
 |   |   |   |- Guid:BC08B79C4EA3C961CFF75EBBE83B367D BaseClass: NativeClass:/Script/Engine.StaticMeshActor Name:StaticMeshActor_5 Label:SM_Cube2 SpatiallyLoaded:1 Bounds:IsValid=true, Min=(X=0.000 Y=-1152.203 Z=0.000), Max=(X=3000.000 Y=-1052.203 Z=400.000) RuntimeGrid:None EditorOnly:0 RuntimeOnly:0 HLODRelevant:1 FolderPath:Playground FolderGuid:C73F09FC4215536B1DCE2A9E0A830C70
 |   |   |- [+] [ 39]
 |   |   |   |- Guid:8CF15B6049065B05C1E51EB2348A66C0 BaseClass:/Game/StarterContent/Props/Bp_Light1.Bp_Light1_C NativeClass:/Script/Engine.Actor Name:Bp_Light1_C_UAID_0CDD241FB7F091AC01_1108298317 Label:Bp_Light2 SpatiallyLoaded:1 Bounds:IsValid=true, Min=(X=1178.000 Y=1820.080 Z=74.999), Max=(X=1222.000 Y=1864.080 Z=208.530) RuntimeGrid:None EditorOnly:0 RuntimeOnly:0 HLODRelevant:0
 |   |   |   |- Guid:47F7656D4BDE10E42631D497C836A181 BaseClass:/Game/StarterContent/Props/Bp_Light1.Bp_Light1_C NativeClass:/Script/Engine.Actor Name:Bp_Light1_C_UAID_0CDD241FB7F091AC01_1103370316 Label:Bp_Light1 SpatiallyLoaded:1 Bounds:IsValid=true, Min=(X=420.708 Y=1919.705 Z=193.459), Max=(X=464.708 Y=1963.705 Z=326.990) RuntimeGrid:None EditorOnly:0 RuntimeOnly:0 HLODRelevant:0
 |   |   |   |- Guid:2630CDCB421105A165904B8F27CAB6E7 BaseClass:/Game/StarterContent/Props/Bp_LightSwitch.Bp_LightSwitch_C NativeClass:/Script/Engine.Actor Name:Bp_LightSwitch_C_UAID_0CDD241FB7F091AC01_1115582318 Label:Bp_LightSwitch SpatiallyLoaded:1 Bounds:IsValid=true, Min=(X=663.654 Y=1641.659 Z=104.775), Max=(X=711.654 Y=1689.659 Z=152.775) RuntimeGrid:None EditorOnly:0 RuntimeOnly:0 HLODRelevant:0
 |   |   |- [+] [ 40]
 |   |   |   |- Guid:D46AD1C041712794A5AFF3833266CB54 BaseClass: NativeClass:/Script/Engine.StaticMeshActor Name:StaticMeshActor_UAID_0CDD241FB7F092B201_1672629825 Label:Wall_400x201 SpatiallyLoaded:1 Bounds:IsValid=true, Min=(X=-41.888 Y=1563.175 Z=-0.000), Max=(X=-21.888 Y=2363.175 Z=300.000) RuntimeGrid:None EditorOnly:0 RuntimeOnly:0 HLODRelevant:1
 |   |   |- [+] [ 41]
 |   |   |   |- Guid:FF698C67459ADB4982D7759C0905EE9F BaseClass: NativeClass:/Script/Engine.StaticMeshActor Name:StaticMeshActor_6 Label:SM_Cube3 SpatiallyLoaded:1 Bounds:IsValid=true, Min=(X=0.000 Y=4263.485 Z=-0.000), Max=(X=3000.000 Y=4363.485 Z=400.000) RuntimeGrid:None EditorOnly:0 RuntimeOnly:0 HLODRelevant:1 FolderPath:Playground FolderGuid:C73F09FC4215536B1DCE2A9E0A830C70
 |   |   |- [+] [ 42]
 |   |   |   |- Guid:CCC4267644C12B11A109DCB8D0485DAF BaseClass: NativeClass:/Script/Engine.StaticMeshActor Name:StaticMeshActor_UAID_0CDD241FB7F091B201_1417744647 Label:Wall_400x200 SpatiallyLoaded:1 Bounds:IsValid=true, Min=(X=-41.601 Y=2358.932 Z=-0.000), Max=(X=758.399 Y=2378.932 Z=300.000) RuntimeGrid:None EditorOnly:0 RuntimeOnly:0 HLODRelevant:1
 |   |   |- [+] [ 43]
 |   |   |   |- Guid:3A00AA1C422CE54C0BDB60BAF471BFBB BaseClass: NativeClass:/Script/Engine.PlayerStart Name:PlayerStart_0 Label:PlayerStart SpatiallyLoaded:0 Bounds:IsValid=true, Min=(X=62.841 Y=1801.198 Z=0.013), Max=(X=142.841 Y=1881.198 Z=184.013) RuntimeGrid:None EditorOnly:0 RuntimeOnly:0 HLODRelevant:0
 |   |   |- [+] [ 44]
 |   |   |   |- Guid:1CA96D3C40FB5CEE062F74856F92948F BaseClass:/Game/InventoryMech/Item/Item_Recycle.Item_Recycle_C NativeClass:/Script/Engine.Actor Name:Item_Recycle_C_UAID_0CDD241FB7F0D0AD01_1805048456 Label:Item_Recycle SpatiallyLoaded:1 Bounds:IsValid=true, Min=(X=639.856 Y=1305.728 Z=16.791), Max=(X=699.856 Y=1365.728 Z=76.791) RuntimeGrid:None EditorOnly:0 RuntimeOnly:0 HLODRelevant:0
 |   |   |- [+] [ 45]
 |   |   |   |- Guid:A7D06B1A47E6DDC36B1A6EA17D5DA491 BaseClass:/Game/StarterContent/Props/Bp_Light.Bp_Light_C NativeClass:/Script/Engine.Actor Name:Bp_Light_C_UAID_0CDD241FB7F09BAB01_1687969015 Label:Bp_Light SpatiallyLoaded:1 Bounds:IsValid=true, Min=(X=1961.028 Y=941.295 Z=-22.517), Max=(X=2105.028 Y=1041.295 Z=121.483) RuntimeGrid:None EditorOnly:0 RuntimeOnly:0 HLODRelevant:0
 |   |   |- [+] [ 46]
 |   |   |   |- Guid:C2AA4708414193CF701EEE82B864C6A5 BaseClass: NativeClass:/Script/Engine.StaticMeshActor Name:StaticMeshActor_UAID_0CDD241FB7F091B201_1421694648 Label:Wall_Door_400x300 SpatiallyLoaded:1 Bounds:IsValid=true, Min=(X=378.878 Y=1632.238 Z=-0.000), Max=(X=778.878 Y=1652.238 Z=300.000) RuntimeGrid:None EditorOnly:0 RuntimeOnly:0 HLODRelevant:1
 |   |   |- [+] [ 47]
 |   |   |   |- Guid:AEABB0934C9CB76750F52BA4A408186F BaseClass: NativeClass:/Script/Engine.StaticMeshActor Name:StaticMeshActor_UAID_0CDD241FB7F095B201_1121127378 Label:Wall_Door_400x301 SpatiallyLoaded:1 Bounds:IsValid=true, Min=(X=1052.785 Y=946.237 Z=-0.000), Max=(X=1452.785 Y=966.237 Z=300.000) RuntimeGrid:None EditorOnly:0 RuntimeOnly:0 HLODRelevant:1
 |   |   |- [+] [ 48]
 |   |   |   |- Guid:EAB9E4F6441016DC56E464830F82E351 BaseClass: NativeClass:/Script/Engine.StaticMeshActor Name:StaticMeshActor_UAID_0CDD241FB7F095B201_1173565379 Label:Wall_400x209 SpatiallyLoaded:1 Bounds:IsValid=true, Min=(X=1452.990 Y=946.268 Z=-0.000), Max=(X=1560.990 Y=966.268 Z=300.000) RuntimeGrid:None EditorOnly:0 RuntimeOnly:0 HLODRelevant:1
 |   |   |- [+] [ 49]
 |   |   |   |- Guid:0F05998548CA409D98FFBFA59053D139 BaseClass: NativeClass:/Script/Engine.StaticMeshActor Name:StaticMeshActor_UAID_0CDD241FB7F095B201_1479858380 Label:Wall_400x210 SpatiallyLoaded:1 Bounds:IsValid=true, Min=(X=958.968 Y=235.037 Z=-0.000), Max=(X=978.968 Y=435.037 Z=300.000) RuntimeGrid:None EditorOnly:0 RuntimeOnly:0 HLODRelevant:1
 |   |   |- [+] [ 50]
 |   |   |   |- Guid:A23F08B4484F1FDCF2223B95E786D33C BaseClass: NativeClass:/Script/Engine.StaticMeshActor Name:StaticMeshActor_UAID_0CDD241FB7F095B201_1610153381 Label:Wall_400x211 SpatiallyLoaded:1 Bounds:IsValid=true, Min=(X=959.198 Y=215.009 Z=-0.000), Max=(X=1559.198 Y=235.009 Z=300.000) RuntimeGrid:None EditorOnly:0 RuntimeOnly:0 HLODRelevant:1
 |   |   |- [+] [ 51]
 |   |   |   |- Guid:FC2CDD4047EEA9439DB9138A10A998A0 BaseClass: NativeClass:/Script/Engine.StaticMeshActor Name:StaticMeshActor_UAID_0CDD241FB7F095B201_1745844382 Label:SM_Cube15 SpatiallyLoaded:1 Bounds:IsValid=true, Min=(X=1454.725 Y=993.652 Z=0.000), Max=(X=1554.725 Y=1193.652 Z=75.000) RuntimeGrid:None EditorOnly:0 RuntimeOnly:0 HLODRelevant:1
 |   |   |- [+] [ 52]
 |   |   |   |- Guid:BA4B79104FD8534241E9E5BE71E2DEE3 BaseClass: NativeClass:/Script/Engine.StaticMeshActor Name:StaticMeshActor_UAID_0CDD241FB7F095B201_1786168383 Label:SM_Cube16 SpatiallyLoaded:1 Bounds:IsValid=true, Min=(X=1057.953 Y=1417.887 Z=0.000), Max=(X=1557.953 Y=1617.887 Z=75.000) RuntimeGrid:None EditorOnly:0 RuntimeOnly:0 HLODRelevant:1
 |   |   |- [+] [ 53]
 |   |   |   |- Guid:C398BA284E1B49234A72A98F329D365F BaseClass: NativeClass:/Script/Engine.StaticMeshActor Name:StaticMeshActor_UAID_0CDD241FB7F095B201_1860202384 Label:SM_Cube17 SpatiallyLoaded:1 Bounds:IsValid=true, Min=(X=1454.725 Y=1243.355 Z=0.000), Max=(X=1554.725 Y=1343.355 Z=75.000) RuntimeGrid:None EditorOnly:0 RuntimeOnly:0 HLODRelevant:1
 |   |   |- [+] [ 54]
 |   |   |   |- Guid:EE6F5E504133D5F8B68F1EA4475682BB BaseClass: NativeClass:/Script/Engine.StaticMeshActor Name:StaticMeshActor_UAID_0CDD241FB7F096B201_1400545561 Label:Wall_Door_400x302 SpatiallyLoaded:1 Bounds:IsValid=true, Min=(X=1538.979 Y=234.331 Z=0.000), Max=(X=1558.979 Y=634.331 Z=300.000) RuntimeGrid:None EditorOnly:0 RuntimeOnly:0 HLODRelevant:1
 |   |   |- [+] [ 55]
 |   |   |   |- Guid:A806659A4F5B2BDF7F4C7683A6CFC036 BaseClass: NativeClass:/Script/Engine.StaticMeshActor Name:StaticMeshActor_UAID_0CDD241FB7F096B201_1459080562 Label:Wall_400x212 SpatiallyLoaded:1 Bounds:IsValid=true, Min=(X=1539.026 Y=634.429 Z=-0.000), Max=(X=1559.026 Y=946.429 Z=300.000) RuntimeGrid:None EditorOnly:0 RuntimeOnly:0 HLODRelevant:1
 |   |   |- [+] [ 56]
 |   |   |   |- Guid:91B118B947BA035D49B9D184EED26017 BaseClass:/Game/StarterContent/Props/Bp_Door.Bp_Door_C NativeClass:/Script/Engine.Actor Name:Bp_Door_C_UAID_0CDD241FB7F096B201_1578538563 Label:Bp_Door2 SpatiallyLoaded:1 Bounds:IsValid=true, Min=(X=1181.757 Y=902.612 Z=-12.966), Max=(X=1325.757 Y=1014.612 Z=227.034) RuntimeGrid:None EditorOnly:0 RuntimeOnly:0 HLODRelevant:0
 |   |   |- [+] [ 57]
 |   |   |   |- Guid:DF57263E4D6E0D45B77120A49771AC53 BaseClass:/Game/StarterContent/Props/Bp_Door.Bp_Door_C NativeClass:/Script/Engine.Actor Name:Bp_Door_C_UAID_0CDD241FB7F096B201_2082441565 Label:Bp_Door3 SpatiallyLoaded:1 Bounds:IsValid=true, Min=(X=1498.937 Y=362.800 Z=-12.966), Max=(X=1610.937 Y=506.800 Z=227.034) RuntimeGrid:None EditorOnly:0 RuntimeOnly:0 HLODRelevant:0
 |   |   |- [+] [ 58]
 |   |   |   |- Guid:3E9B41434A9462FB34D77B902BF77413 BaseClass: NativeClass:/Script/Engine.StaticMeshActor Name:StaticMeshActor_UAID_0CDD241FB7F097B201_1124974742 Label:SM_Cube18 SpatiallyLoaded:1 Bounds:IsValid=true, Min=(X=982.835 Y=336.065 Z=0.000), Max=(X=1082.835 Y=436.065 Z=75.000) RuntimeGrid:None EditorOnly:0 RuntimeOnly:0 HLODRelevant:1
 |   |   |- [+] [ 59]
 |   |   |   |- Guid:BAA930B44D1121E3C7ED75997E000FA0 BaseClass:/Game/StarterContent/Props/Bp_Light1.Bp_Light1_C NativeClass:/Script/Engine.Actor Name:Bp_Light1_C_UAID_0CDD241FB7F097B201_1540560752 Label:Bp_Light8 SpatiallyLoaded:1 Bounds:IsValid=true, Min=(X=690.206 Y=788.513 Z=231.282), Max=(X=734.206 Y=832.513 Z=364.813) RuntimeGrid:None EditorOnly:0 RuntimeOnly:0 HLODRelevant:0
 |   |   |   |- Guid:E7E356E24D7F7320C104CE8781CA8DD0 BaseClass:/Game/StarterContent/Props/Bp_Light1.Bp_Light1_C NativeClass:/Script/Engine.Actor Name:Bp_Light1_C_UAID_0CDD241FB7F097B201_1462740749 Label:Bp_Light7 SpatiallyLoaded:1 Bounds:IsValid=true, Min=(X=730.123 Y=1344.459 Z=231.282), Max=(X=774.123 Y=1388.459 Z=364.813) RuntimeGrid:None EditorOnly:0 RuntimeOnly:0 HLODRelevant:0
 |   |   |   |- Guid:40528E224EDDFF098E0A1186908C133A BaseClass:/Game/StarterContent/Props/Bp_Light1.Bp_Light1_C NativeClass:/Script/Engine.Actor Name:Bp_Light1_C_UAID_0CDD241FB7F097B201_1448428747 Label:Bp_Light6 SpatiallyLoaded:1 Bounds:IsValid=true, Min=(X=195.321 Y=788.513 Z=231.282), Max=(X=239.321 Y=832.513 Z=364.813) RuntimeGrid:None EditorOnly:0 RuntimeOnly:0 HLODRelevant:0
 |   |   |   |- Guid:773F36884BB15ED9090D43ABEEF997B9 BaseClass:/Game/StarterContent/Props/Bp_LightSwitch.Bp_LightSwitch_C NativeClass:/Script/Engine.Actor Name:Bp_LightSwitch_C_UAID_0CDD241FB7F097B201_1466710750 Label:Bp_LightSwitch4 SpatiallyLoaded:1 Bounds:IsValid=true, Min=(X=847.941 Y=442.658 Z=96.375), Max=(X=919.941 Y=514.658 Z=168.375) RuntimeGrid:None EditorOnly:0 RuntimeOnly:0 HLODRelevant:0
 |   |   |- [+] [ 60]
 |   |   |   |- Guid:1F30EFA54EA306019529EE99EAC2B3A4 BaseClass:/Game/StarterContent/Props/Bp_Light1.Bp_Light1_C NativeClass:/Script/Engine.Actor Name:Bp_Light1_C_UAID_0CDD241FB7F097B201_1184521744 Label:Bp_Light4 SpatiallyLoaded:1 Bounds:IsValid=true, Min=(X=1230.438 Y=656.167 Z=244.621), Max=(X=1274.438 Y=700.167 Z=378.151) RuntimeGrid:None EditorOnly:0 RuntimeOnly:0 HLODRelevant:0
 |   |   |   |- Guid:FE6C89AB46DD1EDF0B2AD0BE842214E0 BaseClass:/Game/StarterContent/Props/Bp_LightSwitch.Bp_LightSwitch_C NativeClass:/Script/Engine.Actor Name:Bp_LightSwitch_C_UAID_0CDD241FB7F097B201_1182079743 Label:Bp_LightSwitch2 SpatiallyLoaded:1 Bounds:IsValid=true, Min=(X=1336.572 Y=224.269 Z=107.329), Max=(X=1408.572 Y=296.269 Z=179.329) RuntimeGrid:None EditorOnly:0 RuntimeOnly:0 HLODRelevant:0
 |   |   |- [+] [ 61]
 |   |   |   |- Guid:1A116C7345F02B744A03C89AB5792959 BaseClass:/Game/StarterContent/Props/Bp_Light1.Bp_Light1_C NativeClass:/Script/Engine.Actor Name:Bp_Light1_C_UAID_0CDD241FB7F097B201_1360371746 Label:Bp_Light5 SpatiallyLoaded:1 Bounds:IsValid=true, Min=(X=1284.600 Y=1245.978 Z=248.341), Max=(X=1328.600 Y=1289.978 Z=381.872) RuntimeGrid:None EditorOnly:0 RuntimeOnly:0 HLODRelevant:0
 |   |   |   |- Guid:89F17B9B49375C6B63CA09BAB697B2FF BaseClass:/Game/StarterContent/Props/Bp_LightSwitch.Bp_LightSwitch_C NativeClass:/Script/Engine.Actor Name:Bp_LightSwitch_C_UAID_0CDD241FB7F097B201_1358280745 Label:Bp_LightSwitch3 SpatiallyLoaded:1 Bounds:IsValid=true, Min=(X=1038.603 Y=1082.223 Z=106.774), Max=(X=1110.603 Y=1154.223 Z=178.774) RuntimeGrid:None EditorOnly:0 RuntimeOnly:0 HLODRelevant:0
 |   |   |- [+] [ 62]
 |   |   |   |- Guid:38CF62504AF11B445402628EE7069A16 BaseClass:/Game/StarterContent/Props/Bp_LightSwitch.Bp_LightSwitch_C NativeClass:/Script/Engine.Actor Name:Bp_LightSwitch_C_UAID_0CDD241FB7F097B201_1576988753 Label:Bp_LightSwitch5 SpatiallyLoaded:1 Bounds:IsValid=true, Min=(X=348.522 Y=1573.031 Z=80.704), Max=(X=420.522 Y=1645.031 Z=152.704) RuntimeGrid:None EditorOnly:0 RuntimeOnly:0 HLODRelevant:0
 |   |   |- [+] [ 63]
 |   |   |   |- Guid:56756428451C5B6284A3C7B833F5AF17 BaseClass:/Game/StarterContent/Props/Bp_Light1.Bp_Light1_C NativeClass:/Script/Engine.Actor Name:Bp_Light1_C_UAID_0CDD241FB7F097B201_1579216754 Label:Bp_Light9 SpatiallyLoaded:1 Bounds:IsValid=true, Min=(X=268.351 Y=1358.400 Z=203.323), Max=(X=312.351 Y=1402.400 Z=336.854) RuntimeGrid:None EditorOnly:0 RuntimeOnly:0 HLODRelevant:0
 |- ContainerInstances:
 |- [+] MainContainer:
 |   |-        ID: 0x0000000000000000
 |   |-    Bounds: IsValid=false, Min=(X=0.000 Y=0.000 Z=0.000), Max=(X=0.000 Y=0.000 Z=0.000)
 |   |- Transform: 0.000000,0.000000,0.000000|0.000000,0.000000,-0.000000|1.000000,1.000000,1.000000
 |   |- Container: /Game/ThirdPerson/Maps/ThirdPersonMap
----------------------------------------------------------------------------------------------------------------
ThirdPersonMap - Persistent Level
----------------------------------------------------------------------------------------------------------------
Always loaded Actor Count: 80 

----------------------------------------------------------------------------------------------------------------
ThirdPersonMap - Runtime Spatial Hash - Streaming Grid - MainGrid
----------------------------------------------------------------------------------------------------------------
            Origin: X=0.000 Y=0.000 Z=0.000
         Cell Size: 12800
      World Bounds: IsValid=false, Min=(X=0.000 Y=0.000 Z=0.000), Max=(X=0.000 Y=0.000 Z=0.000)
     Loading Range: 25600.00
Block Slow Loading: No
 ClientOnlyVisible: No

[+] Grid Levels: 1
 |- Level  0: Cell Count    0 | Cell Size   12800 | Actor Count    0 (0.0%)

[+] Content of Grid Level 0

