[+] Containers:
 |- [+] Container: /Game/ThirdPerson/Maps/ThirdPersonMap
 |   |- [+] ActorDescs:
 |   |   |- Guid:1CA96D3C40FB5CEE062F74856F92948F BaseClass:/Game/InventoryMech/Item/Item_Recycle.Item_Recycle_C NativeClass:/Script/Engine.Actor Name:Item_Recycle_C_UAID_0CDD241FB7F0D0AD01_1805048456 Label:Item_Recycle SpatiallyLoaded:1 Bounds:IsValid=true, Min=(X=1513.546 Y=1552.519 Z=16.791), Max=(X=1573.546 Y=1612.519 Z=76.791) RuntimeGrid:None EditorOnly:0 RuntimeOnly:0 HLODRelevant:0
 |   |   |- Guid:2266B86D47DD5BBEA2029BA54E99FCD9 BaseClass:/Game/StarterContent/Props/Bp_Pickup.Bp_Pickup_C NativeClass:/Script/Engine.Actor Name:Bp_Pickup_C_UAID_0CDD241FB7F09DAB01_1368540368 Label:Bp_Pickup SpatiallyLoaded:1 Bounds:IsValid=true, Min=(X=1468.470 Y=1191.777 Z=-17.587), Max=(X=1564.470 Y=1287.777 Z=78.413) RuntimeGrid:None EditorOnly:0 RuntimeOnly:0 HLODRelevant:0
 |   |   |- Guid:2630CDCB421105A165904B8F27CAB6E7 BaseClass:/Game/StarterContent/Props/Bp_LightSwitch.Bp_LightSwitch_C NativeClass:/Script/Engine.Actor Name:Bp_LightSwitch_C_UAID_0CDD241FB7F091AC01_1115582318 Label:Bp_LightSwitch SpatiallyLoaded:1 Bounds:IsValid=true, Min=(X=1127.578 Y=2097.221 Z=67.454), Max=(X=1223.578 Y=2193.221 Z=163.454) RuntimeGrid:None EditorOnly:0 RuntimeOnly:0 HLODRelevant:0
 |   |   |- Guid:2FB58999456391D349DC0F86DAC136ED BaseClass: NativeClass:/Script/Engine.SkyLight Name:SkyLight_1 Label:SkyLight SpatiallyLoaded:0 Bounds:IsValid=true, Min=(X=0.000 Y=0.000 Z=690.000), Max=(X=0.000 Y=0.000 Z=690.000) RuntimeGrid:None EditorOnly:0 RuntimeOnly:0 HLODRelevant:0 FolderPath:Lighting FolderGuid:963EC3EB4002CCE9759E2EBA541A873A
 |   |   |- Guid:316CF2A6494ACA4C0E4180A87D36AB8F BaseClass: NativeClass:/Script/Engine.ExponentialHeightFog Name:ExponentialHeightFog_0 Label:ExponentialHeightFog SpatiallyLoaded:0 Bounds:IsValid=true, Min=(X=-5600.000 Y=-50.000 Z=-6850.000), Max=(X=-5600.000 Y=-50.000 Z=-6850.000) RuntimeGrid:None EditorOnly:0 RuntimeOnly:0 HLODRelevant:0 FolderPath:Lighting FolderGuid:963EC3EB4002CCE9759E2EBA541A873A
 |   |   |- Guid:3A00AA1C422CE54C0BDB60BAF471BFBB BaseClass: NativeClass:/Script/Engine.PlayerStart Name:PlayerStart_0 Label:PlayerStart SpatiallyLoaded:0 Bounds:IsValid=true, Min=(X=62.841 Y=1801.198 Z=0.013), Max=(X=142.841 Y=1881.198 Z=184.013) RuntimeGrid:None EditorOnly:0 RuntimeOnly:0 HLODRelevant:0
 |   |   |- Guid:3D58986340393CC19669C3A2D9E9C0B2 BaseClass:/Game/StarterContent/Props/Bp_Light1.Bp_Light1_C NativeClass:/Script/Engine.Actor Name:Bp_Light1_C_UAID_0CDD241FB7F091AC01_1119362319 Label:Bp_Light3 SpatiallyLoaded:1 Bounds:IsValid=true, Min=(X=1129.394 Y=1887.465 Z=68.030), Max=(X=1173.394 Y=1931.465 Z=201.560) RuntimeGrid:None EditorOnly:0 RuntimeOnly:0 HLODRelevant:0
 |   |   |- Guid:43815E84492231AFC407F59E3C28176B BaseClass: NativeClass:/Script/Engine.StaticMeshActor Name:StaticMeshActor_4 Label:SM_Cube6 SpatiallyLoaded:1 Bounds:IsValid=true, Min=(X=3617.500 Y=100.000 Z=-0.000), Max=(X=3717.500 Y=3400.000 Z=400.000) RuntimeGrid:None EditorOnly:0 RuntimeOnly:0 HLODRelevant:1 FolderPath:Playground FolderGuid:C73F09FC4215536B1DCE2A9E0A830C70
 |   |   |- Guid:47F7656D4BDE10E42631D497C836A181 BaseClass:/Game/StarterContent/Props/Bp_Light1.Bp_Light1_C NativeClass:/Script/Engine.Actor Name:Bp_Light1_C_UAID_0CDD241FB7F091AC01_1103370316 Label:Bp_Light1 SpatiallyLoaded:1 Bounds:IsValid=true, Min=(X=1129.504 Y=1725.308 Z=50.933), Max=(X=1173.504 Y=1769.308 Z=184.464) RuntimeGrid:None EditorOnly:0 RuntimeOnly:0 HLODRelevant:0
 |   |   |- Guid:4D3BE93F4146AAAC8BBE79999D96D57F BaseClass: NativeClass:/Script/Engine.VolumetricCloud Name:VolumetricCloud_0 Label:VolumetricCloud SpatiallyLoaded:0 Bounds:IsValid=true, Min=(X=0.000 Y=0.000 Z=820.000), Max=(X=0.000 Y=0.000 Z=820.000) RuntimeGrid:None EditorOnly:0 RuntimeOnly:0 HLODRelevant:0 FolderPath:Lighting FolderGuid:963EC3EB4002CCE9759E2EBA541A873A
 |   |   |- Guid:5B21D1FF471A846E24D4C09780386711 BaseClass:/Game/InventoryMech/Item/Item_Recycle.Item_Recycle_C NativeClass:/Script/Engine.Actor Name:Item_Recycle_C_UAID_0CDD241FB7F0D0AD01_1914597458 Label:Item_Recycle3 SpatiallyLoaded:1 Bounds:IsValid=true, Min=(X=1292.916 Y=1478.777 Z=-18.335), Max=(X=1352.916 Y=1538.777 Z=41.665) RuntimeGrid:None EditorOnly:0 RuntimeOnly:0 HLODRelevant:0
 |   |   |- Guid:5B97F4A64FB21F77EFC44386BF705B4C BaseClass: NativeClass:/Script/Engine.TextRenderActor Name:TextRenderActor_1 Label:TextRenderActor SpatiallyLoaded:1 Bounds:IsValid=true, Min=(X=-396.703 Y=1100.000 Z=65.013), Max=(X=-396.703 Y=2392.308 Z=215.013) RuntimeGrid:None EditorOnly:0 RuntimeOnly:0 HLODRelevant:0
 |   |   |- Guid:6B3F582142B7FB51C4ECD0BD71526876 BaseClass: NativeClass:/Script/Engine.StaticMeshActor Name:StaticMeshActor_UAID_0CDD241FB7F093B201_1555538008 Label:SM_Chair SpatiallyLoaded:1 Bounds:IsValid=true, Min=(X=87.171 Y=1756.629 Z=0.000), Max=(X=168.073 Y=1838.785 Z=115.351) RuntimeGrid:None EditorOnly:0 RuntimeOnly:0 HLODRelevant:1
 |   |   |- Guid:6BAF4DDD444C60371492D3919DB42C97 BaseClass: NativeClass:/Script/Engine.WorldDataLayers Name:WorldDataLayers Label:WorldDataLayers SpatiallyLoaded:0 Bounds:IsValid=true, Min=(X=0.000 Y=0.000 Z=0.000), Max=(X=0.000 Y=0.000 Z=0.000) RuntimeGrid:None EditorOnly:0 RuntimeOnly:0 HLODRelevant:0
 |   |   |- Guid:8CF15B6049065B05C1E51EB2348A66C0 BaseClass:/Game/StarterContent/Props/Bp_Light1.Bp_Light1_C NativeClass:/Script/Engine.Actor Name:Bp_Light1_C_UAID_0CDD241FB7F091AC01_1108298317 Label:Bp_Light2 SpatiallyLoaded:1 Bounds:IsValid=true, Min=(X=1178.000 Y=1820.080 Z=74.999), Max=(X=1222.000 Y=1864.080 Z=208.530) RuntimeGrid:None EditorOnly:0 RuntimeOnly:0 HLODRelevant:0
 |   |   |- Guid:A56216954B2165CF0F35A886B537D536 BaseClass: NativeClass:/Script/Engine.StaticMeshActor Name:StaticMeshActor_0 Label:SM_Cube5 SpatiallyLoaded:1 Bounds:IsValid=true, Min=(X=-862.928 Y=100.000 Z=0.000), Max=(X=-762.928 Y=3400.000 Z=400.000) RuntimeGrid:None EditorOnly:0 RuntimeOnly:0 HLODRelevant:1 FolderPath:Playground FolderGuid:C73F09FC4215536B1DCE2A9E0A830C70
 |   |   |- Guid:A7D06B1A47E6DDC36B1A6EA17D5DA491 BaseClass:/Game/StarterContent/Props/Bp_Light.Bp_Light_C NativeClass:/Script/Engine.Actor Name:Bp_Light_C_UAID_0CDD241FB7F09BAB01_1687969015 Label:Bp_Light SpatiallyLoaded:1 Bounds:IsValid=true, Min=(X=1447.157 Y=941.295 Z=-22.517), Max=(X=1591.157 Y=1041.295 Z=121.483) RuntimeGrid:None EditorOnly:0 RuntimeOnly:0 HLODRelevant:0
 |   |   |- Guid:B785ED2844B84CFB91E7F39FE661CD99 BaseClass: NativeClass:/Script/Engine.DirectionalLight Name:DirectionalLight_0 Label:DirectionalLight SpatiallyLoaded:0 Bounds:IsValid=true, Min=(X=-1048576.000 Y=-1048576.000 Z=-1048576.000), Max=(X=1048576.000 Y=1048576.000 Z=1048576.000) RuntimeGrid:None EditorOnly:0 RuntimeOnly:0 HLODRelevant:0 FolderPath:Lighting FolderGuid:963EC3EB4002CCE9759E2EBA541A873A
 |   |   |- Guid:BA97A4C740FBF0190F6A38B997457C5A BaseClass: NativeClass:/Script/Engine.StaticMeshActor Name:StaticMeshActor_UAID_0CDD241FB7F093B201_1326898005 Label:SM_Couch SpatiallyLoaded:1 Bounds:IsValid=true, Min=(X=135.049 Y=1990.321 Z=0.096), Max=(X=368.232 Y=2339.484 Z=115.447) RuntimeGrid:None EditorOnly:0 RuntimeOnly:0 HLODRelevant:1
 |   |   |- Guid:BC08B79C4EA3C961CFF75EBBE83B367D BaseClass: NativeClass:/Script/Engine.StaticMeshActor Name:StaticMeshActor_5 Label:SM_Cube2 SpatiallyLoaded:1 Bounds:IsValid=true, Min=(X=0.000 Y=-1152.203 Z=0.000), Max=(X=3000.000 Y=-1052.203 Z=400.000) RuntimeGrid:None EditorOnly:0 RuntimeOnly:0 HLODRelevant:1 FolderPath:Playground FolderGuid:C73F09FC4215536B1DCE2A9E0A830C70
 |   |   |- Guid:BEC4AE31458559CE8A5B7282F614A996 BaseClass:/Game/InventoryMech/Item/Item_Recycle.Item_Recycle_C NativeClass:/Script/Engine.Actor Name:Item_Recycle_C_UAID_0CDD241FB7F0D0AD01_1905518457 Label:Item_Recycle2 SpatiallyLoaded:1 Bounds:IsValid=true, Min=(X=1513.546 Y=1405.768 Z=-18.335), Max=(X=1573.546 Y=1465.768 Z=41.665) RuntimeGrid:None EditorOnly:0 RuntimeOnly:0 HLODRelevant:0
 |   |   |- Guid:C2AA4708414193CF701EEE82B864C6A5 BaseClass: NativeClass:/Script/Engine.StaticMeshActor Name:StaticMeshActor_UAID_0CDD241FB7F091B201_1421694648 Label:Wall_Door_400x300 SpatiallyLoaded:1 Bounds:IsValid=true, Min=(X=378.878 Y=1632.238 Z=-0.000), Max=(X=778.878 Y=1652.238 Z=300.000) RuntimeGrid:None EditorOnly:0 RuntimeOnly:0 HLODRelevant:1
 |   |   |- Guid:CCC4267644C12B11A109DCB8D0485DAF BaseClass: NativeClass:/Script/Engine.StaticMeshActor Name:StaticMeshActor_UAID_0CDD241FB7F091B201_1417744647 Label:Wall_400x200 SpatiallyLoaded:1 Bounds:IsValid=true, Min=(X=-41.601 Y=2358.932 Z=-0.000), Max=(X=558.399 Y=2378.932 Z=300.000) RuntimeGrid:None EditorOnly:0 RuntimeOnly:0 HLODRelevant:1
 |   |   |- Guid:CCFF262C46EEFFDF319E7F9539CE697E BaseClass: NativeClass:/Script/Engine.SkyAtmosphere Name:SkyAtmosphere_0 Label:SkyAtmosphere SpatiallyLoaded:0 Bounds:IsValid=true, Min=(X=0.000 Y=0.000 Z=1020.000), Max=(X=0.000 Y=0.000 Z=1020.000) RuntimeGrid:None EditorOnly:0 RuntimeOnly:0 HLODRelevant:0 FolderPath:Lighting FolderGuid:963EC3EB4002CCE9759E2EBA541A873A
 |   |   |- Guid:D113278C4414B805E919AE921FEAD8EF BaseClass: NativeClass:/Script/Engine.StaticMeshActor Name:StaticMeshActor_UAID_0CDD241FB7F092B201_2067677826 Label:Wall_400x202 SpatiallyLoaded:1 Bounds:IsValid=true, Min=(X=-44.000 Y=764.000 Z=-0.000), Max=(X=-24.000 Y=1564.000 Z=300.000) RuntimeGrid:None EditorOnly:0 RuntimeOnly:0 HLODRelevant:1
 |   |   |- Guid:D46AD1C041712794A5AFF3833266CB54 BaseClass: NativeClass:/Script/Engine.StaticMeshActor Name:StaticMeshActor_UAID_0CDD241FB7F092B201_1672629825 Label:Wall_400x201 SpatiallyLoaded:1 Bounds:IsValid=true, Min=(X=-41.888 Y=1563.175 Z=-0.000), Max=(X=-21.888 Y=2363.175 Z=300.000) RuntimeGrid:None EditorOnly:0 RuntimeOnly:0 HLODRelevant:1
 |   |   |- Guid:EC4E0C944CE6AC6E784BC6BB2916EA13 BaseClass: NativeClass:/Script/Engine.StaticMeshActor Name:StaticMeshActor_UAID_A4AE111137DC5EFB00_1110535423 Label:SM_SkySphere SpatiallyLoaded:0 Bounds:IsValid=true, Min=(X=-1638400.000 Y=-1638400.000 Z=-1638400.000), Max=(X=1638400.000 Y=1638400.000 Z=1638400.000) RuntimeGrid:None EditorOnly:0 RuntimeOnly:0 HLODRelevant:1 FolderPath:Lighting FolderGuid:963EC3EB4002CCE9759E2EBA541A873A
 |   |   |- Guid:EFE4C08642AE3B821760149C97A676B8 BaseClass: NativeClass:/Script/Engine.StaticMeshActor Name:StaticMeshActor_UAID_0CDD241FB7F093B201_1455926007 Label:SM_Cube4 SpatiallyLoaded:1 Bounds:IsValid=true, Min=(X=-20.311 Y=1651.663 Z=0.000), Max=(X=279.689 Y=1751.663 Z=75.000) RuntimeGrid:None EditorOnly:0 RuntimeOnly:0 HLODRelevant:1
 |   |   |- Guid:F1924B8D48954B30891B2DB6A694F9CC BaseClass: NativeClass:/Script/Engine.StaticMeshActor Name:StaticMeshActor_1 Label:SM_Cube SpatiallyLoaded:1 Bounds:IsValid=true, Min=(X=-343.192 Y=-642.855 Z=-50.000), Max=(X=3656.808 Y=4307.145 Z=0.000) RuntimeGrid:None EditorOnly:0 RuntimeOnly:0 HLODRelevant:1 FolderPath:Playground FolderGuid:C73F09FC4215536B1DCE2A9E0A830C70
 |   |   |- Guid:F2C7A6BF41923E4F29AB3D8BB70EE11D BaseClass:/Game/StarterContent/Props/Bp_Door.Bp_Door_C NativeClass:/Script/Engine.Actor Name:Bp_Door_C_UAID_0CDD241FB7F0FDAA01_1960846208 Label:Bp_Door SpatiallyLoaded:1 Bounds:IsValid=true, Min=(X=852.813 Y=370.138 Z=-12.966), Max=(X=996.813 Y=482.138 Z=227.034) RuntimeGrid:None EditorOnly:0 RuntimeOnly:0 HLODRelevant:0
 |   |   |- Guid:F5E3FEB3450C49844FD93DA8E083C8AD BaseClass: NativeClass:/Script/Engine.PostProcessVolume Name:PostProcessVolume_0 Label:PostProcessVolume SpatiallyLoaded:0 Bounds:IsValid=true, Min=(X=0.000 Y=0.000 Z=400.000), Max=(X=200.000 Y=200.000 Z=600.000) RuntimeGrid:None EditorOnly:0 RuntimeOnly:0 HLODRelevant:0 FolderPath:Lighting FolderGuid:963EC3EB4002CCE9759E2EBA541A873A
 |   |   |- Guid:FF698C67459ADB4982D7759C0905EE9F BaseClass: NativeClass:/Script/Engine.StaticMeshActor Name:StaticMeshActor_6 Label:SM_Cube3 SpatiallyLoaded:1 Bounds:IsValid=true, Min=(X=0.000 Y=4263.485 Z=-0.000), Max=(X=3000.000 Y=4363.485 Z=400.000) RuntimeGrid:None EditorOnly:0 RuntimeOnly:0 HLODRelevant:1 FolderPath:Playground FolderGuid:C73F09FC4215536B1DCE2A9E0A830C70
 |   |   |- Guid:FF8D6D1F4EF0E30892B3D18E40AFC965 BaseClass: NativeClass:/Script/Engine.StaticMeshActor Name:StaticMeshActor_UAID_0CDD241FB7F093B201_1104232003 Label:Wall_400x203 SpatiallyLoaded:1 Bounds:IsValid=true, Min=(X=-21.315 Y=1632.242 Z=-0.000), Max=(X=378.685 Y=1652.242 Z=300.000) RuntimeGrid:None EditorOnly:0 RuntimeOnly:0 HLODRelevant:1
 |   |- [+] Clusters:
 |   |   |- [+] [  0]
 |   |   |   |- Guid:6BAF4DDD444C60371492D3919DB42C97 BaseClass: NativeClass:/Script/Engine.WorldDataLayers Name:WorldDataLayers Label:WorldDataLayers SpatiallyLoaded:0 Bounds:IsValid=true, Min=(X=0.000 Y=0.000 Z=0.000), Max=(X=0.000 Y=0.000 Z=0.000) RuntimeGrid:None EditorOnly:0 RuntimeOnly:0 HLODRelevant:0
 |   |   |- [+] [  1]
 |   |   |   |- Guid:2266B86D47DD5BBEA2029BA54E99FCD9 BaseClass:/Game/StarterContent/Props/Bp_Pickup.Bp_Pickup_C NativeClass:/Script/Engine.Actor Name:Bp_Pickup_C_UAID_0CDD241FB7F09DAB01_1368540368 Label:Bp_Pickup SpatiallyLoaded:1 Bounds:IsValid=true, Min=(X=1468.470 Y=1191.777 Z=-17.587), Max=(X=1564.470 Y=1287.777 Z=78.413) RuntimeGrid:None EditorOnly:0 RuntimeOnly:0 HLODRelevant:0
 |   |   |- [+] [  2]
 |   |   |   |- Guid:F5E3FEB3450C49844FD93DA8E083C8AD BaseClass: NativeClass:/Script/Engine.PostProcessVolume Name:PostProcessVolume_0 Label:PostProcessVolume SpatiallyLoaded:0 Bounds:IsValid=true, Min=(X=0.000 Y=0.000 Z=400.000), Max=(X=200.000 Y=200.000 Z=600.000) RuntimeGrid:None EditorOnly:0 RuntimeOnly:0 HLODRelevant:0 FolderPath:Lighting FolderGuid:963EC3EB4002CCE9759E2EBA541A873A
 |   |   |- [+] [  3]
 |   |   |   |- Guid:5B97F4A64FB21F77EFC44386BF705B4C BaseClass: NativeClass:/Script/Engine.TextRenderActor Name:TextRenderActor_1 Label:TextRenderActor SpatiallyLoaded:1 Bounds:IsValid=true, Min=(X=-396.703 Y=1100.000 Z=65.013), Max=(X=-396.703 Y=2392.308 Z=215.013) RuntimeGrid:None EditorOnly:0 RuntimeOnly:0 HLODRelevant:0
 |   |   |- [+] [  4]
 |   |   |   |- Guid:4D3BE93F4146AAAC8BBE79999D96D57F BaseClass: NativeClass:/Script/Engine.VolumetricCloud Name:VolumetricCloud_0 Label:VolumetricCloud SpatiallyLoaded:0 Bounds:IsValid=true, Min=(X=0.000 Y=0.000 Z=820.000), Max=(X=0.000 Y=0.000 Z=820.000) RuntimeGrid:None EditorOnly:0 RuntimeOnly:0 HLODRelevant:0 FolderPath:Lighting FolderGuid:963EC3EB4002CCE9759E2EBA541A873A
 |   |   |- [+] [  5]
 |   |   |   |- Guid:CCFF262C46EEFFDF319E7F9539CE697E BaseClass: NativeClass:/Script/Engine.SkyAtmosphere Name:SkyAtmosphere_0 Label:SkyAtmosphere SpatiallyLoaded:0 Bounds:IsValid=true, Min=(X=0.000 Y=0.000 Z=1020.000), Max=(X=0.000 Y=0.000 Z=1020.000) RuntimeGrid:None EditorOnly:0 RuntimeOnly:0 HLODRelevant:0 FolderPath:Lighting FolderGuid:963EC3EB4002CCE9759E2EBA541A873A
 |   |   |- [+] [  6]
 |   |   |   |- Guid:EC4E0C944CE6AC6E784BC6BB2916EA13 BaseClass: NativeClass:/Script/Engine.StaticMeshActor Name:StaticMeshActor_UAID_A4AE111137DC5EFB00_1110535423 Label:SM_SkySphere SpatiallyLoaded:0 Bounds:IsValid=true, Min=(X=-1638400.000 Y=-1638400.000 Z=-1638400.000), Max=(X=1638400.000 Y=1638400.000 Z=1638400.000) RuntimeGrid:None EditorOnly:0 RuntimeOnly:0 HLODRelevant:1 FolderPath:Lighting FolderGuid:963EC3EB4002CCE9759E2EBA541A873A
 |   |   |- [+] [  7]
 |   |   |   |- Guid:43815E84492231AFC407F59E3C28176B BaseClass: NativeClass:/Script/Engine.StaticMeshActor Name:StaticMeshActor_4 Label:SM_Cube6 SpatiallyLoaded:1 Bounds:IsValid=true, Min=(X=3617.500 Y=100.000 Z=-0.000), Max=(X=3717.500 Y=3400.000 Z=400.000) RuntimeGrid:None EditorOnly:0 RuntimeOnly:0 HLODRelevant:1 FolderPath:Playground FolderGuid:C73F09FC4215536B1DCE2A9E0A830C70
 |   |   |- [+] [  8]
 |   |   |   |- Guid:B785ED2844B84CFB91E7F39FE661CD99 BaseClass: NativeClass:/Script/Engine.DirectionalLight Name:DirectionalLight_0 Label:DirectionalLight SpatiallyLoaded:0 Bounds:IsValid=true, Min=(X=-1048576.000 Y=-1048576.000 Z=-1048576.000), Max=(X=1048576.000 Y=1048576.000 Z=1048576.000) RuntimeGrid:None EditorOnly:0 RuntimeOnly:0 HLODRelevant:0 FolderPath:Lighting FolderGuid:963EC3EB4002CCE9759E2EBA541A873A
 |   |   |- [+] [  9]
 |   |   |   |- Guid:316CF2A6494ACA4C0E4180A87D36AB8F BaseClass: NativeClass:/Script/Engine.ExponentialHeightFog Name:ExponentialHeightFog_0 Label:ExponentialHeightFog SpatiallyLoaded:0 Bounds:IsValid=true, Min=(X=-5600.000 Y=-50.000 Z=-6850.000), Max=(X=-5600.000 Y=-50.000 Z=-6850.000) RuntimeGrid:None EditorOnly:0 RuntimeOnly:0 HLODRelevant:0 FolderPath:Lighting FolderGuid:963EC3EB4002CCE9759E2EBA541A873A
 |   |   |- [+] [ 10]
 |   |   |   |- Guid:F1924B8D48954B30891B2DB6A694F9CC BaseClass: NativeClass:/Script/Engine.StaticMeshActor Name:StaticMeshActor_1 Label:SM_Cube SpatiallyLoaded:1 Bounds:IsValid=true, Min=(X=-343.192 Y=-642.855 Z=-50.000), Max=(X=3656.808 Y=4307.145 Z=0.000) RuntimeGrid:None EditorOnly:0 RuntimeOnly:0 HLODRelevant:1 FolderPath:Playground FolderGuid:C73F09FC4215536B1DCE2A9E0A830C70
 |   |   |- [+] [ 11]
 |   |   |   |- Guid:F2C7A6BF41923E4F29AB3D8BB70EE11D BaseClass:/Game/StarterContent/Props/Bp_Door.Bp_Door_C NativeClass:/Script/Engine.Actor Name:Bp_Door_C_UAID_0CDD241FB7F0FDAA01_1960846208 Label:Bp_Door SpatiallyLoaded:1 Bounds:IsValid=true, Min=(X=852.813 Y=370.138 Z=-12.966), Max=(X=996.813 Y=482.138 Z=227.034) RuntimeGrid:None EditorOnly:0 RuntimeOnly:0 HLODRelevant:0
 |   |   |- [+] [ 12]
 |   |   |   |- Guid:2FB58999456391D349DC0F86DAC136ED BaseClass: NativeClass:/Script/Engine.SkyLight Name:SkyLight_1 Label:SkyLight SpatiallyLoaded:0 Bounds:IsValid=true, Min=(X=0.000 Y=0.000 Z=690.000), Max=(X=0.000 Y=0.000 Z=690.000) RuntimeGrid:None EditorOnly:0 RuntimeOnly:0 HLODRelevant:0 FolderPath:Lighting FolderGuid:963EC3EB4002CCE9759E2EBA541A873A
 |   |   |- [+] [ 13]
 |   |   |   |- Guid:BEC4AE31458559CE8A5B7282F614A996 BaseClass:/Game/InventoryMech/Item/Item_Recycle.Item_Recycle_C NativeClass:/Script/Engine.Actor Name:Item_Recycle_C_UAID_0CDD241FB7F0D0AD01_1905518457 Label:Item_Recycle2 SpatiallyLoaded:1 Bounds:IsValid=true, Min=(X=1513.546 Y=1405.768 Z=-18.335), Max=(X=1573.546 Y=1465.768 Z=41.665) RuntimeGrid:None EditorOnly:0 RuntimeOnly:0 HLODRelevant:0
 |   |   |- [+] [ 14]
 |   |   |   |- Guid:5B21D1FF471A846E24D4C09780386711 BaseClass:/Game/InventoryMech/Item/Item_Recycle.Item_Recycle_C NativeClass:/Script/Engine.Actor Name:Item_Recycle_C_UAID_0CDD241FB7F0D0AD01_1914597458 Label:Item_Recycle3 SpatiallyLoaded:1 Bounds:IsValid=true, Min=(X=1292.916 Y=1478.777 Z=-18.335), Max=(X=1352.916 Y=1538.777 Z=41.665) RuntimeGrid:None EditorOnly:0 RuntimeOnly:0 HLODRelevant:0
 |   |   |- [+] [ 15]
 |   |   |   |- Guid:3D58986340393CC19669C3A2D9E9C0B2 BaseClass:/Game/StarterContent/Props/Bp_Light1.Bp_Light1_C NativeClass:/Script/Engine.Actor Name:Bp_Light1_C_UAID_0CDD241FB7F091AC01_1119362319 Label:Bp_Light3 SpatiallyLoaded:1 Bounds:IsValid=true, Min=(X=1129.394 Y=1887.465 Z=68.030), Max=(X=1173.394 Y=1931.465 Z=201.560) RuntimeGrid:None EditorOnly:0 RuntimeOnly:0 HLODRelevant:0
 |   |   |- [+] [ 16]
 |   |   |   |- Guid:A56216954B2165CF0F35A886B537D536 BaseClass: NativeClass:/Script/Engine.StaticMeshActor Name:StaticMeshActor_0 Label:SM_Cube5 SpatiallyLoaded:1 Bounds:IsValid=true, Min=(X=-862.928 Y=100.000 Z=0.000), Max=(X=-762.928 Y=3400.000 Z=400.000) RuntimeGrid:None EditorOnly:0 RuntimeOnly:0 HLODRelevant:1 FolderPath:Playground FolderGuid:C73F09FC4215536B1DCE2A9E0A830C70
 |   |   |- [+] [ 17]
 |   |   |   |- Guid:BC08B79C4EA3C961CFF75EBBE83B367D BaseClass: NativeClass:/Script/Engine.StaticMeshActor Name:StaticMeshActor_5 Label:SM_Cube2 SpatiallyLoaded:1 Bounds:IsValid=true, Min=(X=0.000 Y=-1152.203 Z=0.000), Max=(X=3000.000 Y=-1052.203 Z=400.000) RuntimeGrid:None EditorOnly:0 RuntimeOnly:0 HLODRelevant:1 FolderPath:Playground FolderGuid:C73F09FC4215536B1DCE2A9E0A830C70
 |   |   |- [+] [ 18]
 |   |   |   |- Guid:8CF15B6049065B05C1E51EB2348A66C0 BaseClass:/Game/StarterContent/Props/Bp_Light1.Bp_Light1_C NativeClass:/Script/Engine.Actor Name:Bp_Light1_C_UAID_0CDD241FB7F091AC01_1108298317 Label:Bp_Light2 SpatiallyLoaded:1 Bounds:IsValid=true, Min=(X=1178.000 Y=1820.080 Z=74.999), Max=(X=1222.000 Y=1864.080 Z=208.530) RuntimeGrid:None EditorOnly:0 RuntimeOnly:0 HLODRelevant:0
 |   |   |   |- Guid:47F7656D4BDE10E42631D497C836A181 BaseClass:/Game/StarterContent/Props/Bp_Light1.Bp_Light1_C NativeClass:/Script/Engine.Actor Name:Bp_Light1_C_UAID_0CDD241FB7F091AC01_1103370316 Label:Bp_Light1 SpatiallyLoaded:1 Bounds:IsValid=true, Min=(X=1129.504 Y=1725.308 Z=50.933), Max=(X=1173.504 Y=1769.308 Z=184.464) RuntimeGrid:None EditorOnly:0 RuntimeOnly:0 HLODRelevant:0
 |   |   |   |- Guid:2630CDCB421105A165904B8F27CAB6E7 BaseClass:/Game/StarterContent/Props/Bp_LightSwitch.Bp_LightSwitch_C NativeClass:/Script/Engine.Actor Name:Bp_LightSwitch_C_UAID_0CDD241FB7F091AC01_1115582318 Label:Bp_LightSwitch SpatiallyLoaded:1 Bounds:IsValid=true, Min=(X=1127.578 Y=2097.221 Z=67.454), Max=(X=1223.578 Y=2193.221 Z=163.454) RuntimeGrid:None EditorOnly:0 RuntimeOnly:0 HLODRelevant:0
 |   |   |- [+] [ 19]
 |   |   |   |- Guid:FF698C67459ADB4982D7759C0905EE9F BaseClass: NativeClass:/Script/Engine.StaticMeshActor Name:StaticMeshActor_6 Label:SM_Cube3 SpatiallyLoaded:1 Bounds:IsValid=true, Min=(X=0.000 Y=4263.485 Z=-0.000), Max=(X=3000.000 Y=4363.485 Z=400.000) RuntimeGrid:None EditorOnly:0 RuntimeOnly:0 HLODRelevant:1 FolderPath:Playground FolderGuid:C73F09FC4215536B1DCE2A9E0A830C70
 |   |   |- [+] [ 20]
 |   |   |   |- Guid:3A00AA1C422CE54C0BDB60BAF471BFBB BaseClass: NativeClass:/Script/Engine.PlayerStart Name:PlayerStart_0 Label:PlayerStart SpatiallyLoaded:0 Bounds:IsValid=true, Min=(X=62.841 Y=1801.198 Z=0.013), Max=(X=142.841 Y=1881.198 Z=184.013) RuntimeGrid:None EditorOnly:0 RuntimeOnly:0 HLODRelevant:0
 |   |   |- [+] [ 21]
 |   |   |   |- Guid:1CA96D3C40FB5CEE062F74856F92948F BaseClass:/Game/InventoryMech/Item/Item_Recycle.Item_Recycle_C NativeClass:/Script/Engine.Actor Name:Item_Recycle_C_UAID_0CDD241FB7F0D0AD01_1805048456 Label:Item_Recycle SpatiallyLoaded:1 Bounds:IsValid=true, Min=(X=1513.546 Y=1552.519 Z=16.791), Max=(X=1573.546 Y=1612.519 Z=76.791) RuntimeGrid:None EditorOnly:0 RuntimeOnly:0 HLODRelevant:0
 |   |   |- [+] [ 22]
 |   |   |   |- Guid:A7D06B1A47E6DDC36B1A6EA17D5DA491 BaseClass:/Game/StarterContent/Props/Bp_Light.Bp_Light_C NativeClass:/Script/Engine.Actor Name:Bp_Light_C_UAID_0CDD241FB7F09BAB01_1687969015 Label:Bp_Light SpatiallyLoaded:1 Bounds:IsValid=true, Min=(X=1447.157 Y=941.295 Z=-22.517), Max=(X=1591.157 Y=1041.295 Z=121.483) RuntimeGrid:None EditorOnly:0 RuntimeOnly:0 HLODRelevant:0
 |   |   |- [+] [ 23]
 |   |   |   |- Guid:CCC4267644C12B11A109DCB8D0485DAF BaseClass: NativeClass:/Script/Engine.StaticMeshActor Name:StaticMeshActor_UAID_0CDD241FB7F091B201_1417744647 Label:Wall_400x200 SpatiallyLoaded:1 Bounds:IsValid=true, Min=(X=-41.601 Y=2358.932 Z=-0.000), Max=(X=558.399 Y=2378.932 Z=300.000) RuntimeGrid:None EditorOnly:0 RuntimeOnly:0 HLODRelevant:1
 |   |   |- [+] [ 24]
 |   |   |   |- Guid:C2AA4708414193CF701EEE82B864C6A5 BaseClass: NativeClass:/Script/Engine.StaticMeshActor Name:StaticMeshActor_UAID_0CDD241FB7F091B201_1421694648 Label:Wall_Door_400x300 SpatiallyLoaded:1 Bounds:IsValid=true, Min=(X=378.878 Y=1632.238 Z=-0.000), Max=(X=778.878 Y=1652.238 Z=300.000) RuntimeGrid:None EditorOnly:0 RuntimeOnly:0 HLODRelevant:1
 |   |   |- [+] [ 25]
 |   |   |   |- Guid:D46AD1C041712794A5AFF3833266CB54 BaseClass: NativeClass:/Script/Engine.StaticMeshActor Name:StaticMeshActor_UAID_0CDD241FB7F092B201_1672629825 Label:Wall_400x201 SpatiallyLoaded:1 Bounds:IsValid=true, Min=(X=-41.888 Y=1563.175 Z=-0.000), Max=(X=-21.888 Y=2363.175 Z=300.000) RuntimeGrid:None EditorOnly:0 RuntimeOnly:0 HLODRelevant:1
 |   |   |- [+] [ 26]
 |   |   |   |- Guid:D113278C4414B805E919AE921FEAD8EF BaseClass: NativeClass:/Script/Engine.StaticMeshActor Name:StaticMeshActor_UAID_0CDD241FB7F092B201_2067677826 Label:Wall_400x202 SpatiallyLoaded:1 Bounds:IsValid=true, Min=(X=-44.000 Y=764.000 Z=-0.000), Max=(X=-24.000 Y=1564.000 Z=300.000) RuntimeGrid:None EditorOnly:0 RuntimeOnly:0 HLODRelevant:1
 |   |   |- [+] [ 27]
 |   |   |   |- Guid:FF8D6D1F4EF0E30892B3D18E40AFC965 BaseClass: NativeClass:/Script/Engine.StaticMeshActor Name:StaticMeshActor_UAID_0CDD241FB7F093B201_1104232003 Label:Wall_400x203 SpatiallyLoaded:1 Bounds:IsValid=true, Min=(X=-21.315 Y=1632.242 Z=-0.000), Max=(X=378.685 Y=1652.242 Z=300.000) RuntimeGrid:None EditorOnly:0 RuntimeOnly:0 HLODRelevant:1
 |   |   |- [+] [ 28]
 |   |   |   |- Guid:BA97A4C740FBF0190F6A38B997457C5A BaseClass: NativeClass:/Script/Engine.StaticMeshActor Name:StaticMeshActor_UAID_0CDD241FB7F093B201_1326898005 Label:SM_Couch SpatiallyLoaded:1 Bounds:IsValid=true, Min=(X=135.049 Y=1990.321 Z=0.096), Max=(X=368.232 Y=2339.484 Z=115.447) RuntimeGrid:None EditorOnly:0 RuntimeOnly:0 HLODRelevant:1
 |   |   |- [+] [ 29]
 |   |   |   |- Guid:EFE4C08642AE3B821760149C97A676B8 BaseClass: NativeClass:/Script/Engine.StaticMeshActor Name:StaticMeshActor_UAID_0CDD241FB7F093B201_1455926007 Label:SM_Cube4 SpatiallyLoaded:1 Bounds:IsValid=true, Min=(X=-20.311 Y=1651.663 Z=0.000), Max=(X=279.689 Y=1751.663 Z=75.000) RuntimeGrid:None EditorOnly:0 RuntimeOnly:0 HLODRelevant:1
 |   |   |- [+] [ 30]
 |   |   |   |- Guid:6B3F582142B7FB51C4ECD0BD71526876 BaseClass: NativeClass:/Script/Engine.StaticMeshActor Name:StaticMeshActor_UAID_0CDD241FB7F093B201_1555538008 Label:SM_Chair SpatiallyLoaded:1 Bounds:IsValid=true, Min=(X=87.171 Y=1756.629 Z=0.000), Max=(X=168.073 Y=1838.785 Z=115.351) RuntimeGrid:None EditorOnly:0 RuntimeOnly:0 HLODRelevant:1
 |- ContainerInstances:
 |- [+] MainContainer:
 |   |-        ID: 0x0000000000000000
 |   |-    Bounds: IsValid=false, Min=(X=0.000 Y=0.000 Z=0.000), Max=(X=0.000 Y=0.000 Z=0.000)
 |   |- Transform: 0.000000,0.000000,0.000000|0.000000,0.000000,-0.000000|1.000000,1.000000,1.000000
 |   |- Container: /Game/ThirdPerson/Maps/ThirdPersonMap
----------------------------------------------------------------------------------------------------------------
ThirdPersonMap - Persistent Level
----------------------------------------------------------------------------------------------------------------
Always loaded Actor Count: 40 

----------------------------------------------------------------------------------------------------------------
ThirdPersonMap - Runtime Spatial Hash - Streaming Grid - MainGrid
----------------------------------------------------------------------------------------------------------------
            Origin: X=0.000 Y=0.000 Z=0.000
         Cell Size: 12800
      World Bounds: IsValid=false, Min=(X=0.000 Y=0.000 Z=0.000), Max=(X=0.000 Y=0.000 Z=0.000)
     Loading Range: 25600.00
Block Slow Loading: No
 ClientOnlyVisible: No

[+] Grid Levels: 1
 |- Level  0: Cell Count    0 | Cell Size   12800 | Actor Count    0 (0.0%)

[+] Content of Grid Level 0

